<?xml version="1.0" encoding="UTF-8"?>
<testsuite name="org.iata.bsplink.refund.controller.RefundIssuePermissionControllerTest" tests="13" skipped="0" failures="0" errors="0" timestamp="2018-08-09T11:37:14" hostname="a2ljenkins1" time="0.194">
  <properties/>
  <testcase name="testListsRefundIssuePermissionsByIsoCountryCodeAndAirlineCodeAndAgentCode" classname="org.iata.bsplink.refund.controller.RefundIssuePermissionControllerTest" time="0.038"/>
  <testcase name="testReturnsCreatedRefundIssuePermission" classname="org.iata.bsplink.refund.controller.RefundIssuePermissionControllerTest" time="0.017"/>
  <testcase name="testReturnsCreatedRefundIssuePermissionConflict" classname="org.iata.bsplink.refund.controller.RefundIssuePermissionControllerTest" time="0.015"/>
  <testcase name="testListsRefundIssuePermissionsByIsoCountryCodeAndAirlineCodeAndAgentCodeNotFound" classname="org.iata.bsplink.refund.controller.RefundIssuePermissionControllerTest" time="0.009"/>
  <testcase name="testCreatesRefundIssuePermission" classname="org.iata.bsplink.refund.controller.RefundIssuePermissionControllerTest" time="0.013"/>
  <testcase name="testReturnsNotFoundWhenTryingToRetrieveNonExistentRefundIssuePermission" classname="org.iata.bsplink.refund.controller.RefundIssuePermissionControllerTest" time="0.011"/>
  <testcase name="testDeletesRefundIssuePermission" classname="org.iata.bsplink.refund.controller.RefundIssuePermissionControllerTest" time="0.007"/>
  <testcase name="testListsRefundIssuePermissions" classname="org.iata.bsplink.refund.controller.RefundIssuePermissionControllerTest" time="0.016"/>
  <testcase name="testGetsRefundIssuePermission" classname="org.iata.bsplink.refund.controller.RefundIssuePermissionControllerTest" time="0.014"/>
  <testcase name="testReturnsNotFoundWhenTryingToDeleteNonExistentRefundIssuePermission" classname="org.iata.bsplink.refund.controller.RefundIssuePermissionControllerTest" time="0.01"/>
  <testcase name="testValidatorIsInvokedOnCreation" classname="org.iata.bsplink.refund.controller.RefundIssuePermissionControllerTest" time="0.008"/>
  <testcase name="testListsRefundIssuePermissionsByIsoCountryCodeAndAirlineCode" classname="org.iata.bsplink.refund.controller.RefundIssuePermissionControllerTest" time="0.014"/>
  <testcase name="testValidatesRefundIssuePermission" classname="org.iata.bsplink.refund.controller.RefundIssuePermissionControllerTest" time="0.009"/>
  <system-out><![CDATA[27788 [Test worker] INFO  org.springframework.boot.test.context.SpringBootTestContextBootstrapper  – Neither @ContextConfiguration nor @ContextHierarchy found for test class [org.iata.bsplink.refund.controller.RefundIssuePermissionControllerTest], using SpringBootContextLoader
27788 [Test worker] INFO  org.springframework.test.context.support.AbstractContextLoader  – Could not detect default resource locations for test class [org.iata.bsplink.refund.controller.RefundIssuePermissionControllerTest]: no resource found for suffixes {-context.xml, Context.groovy}.
27789 [Test worker] INFO  org.springframework.test.context.support.AnnotationConfigContextLoaderUtils  – Could not detect default configuration classes for test class [org.iata.bsplink.refund.controller.RefundIssuePermissionControllerTest]: RefundIssuePermissionControllerTest does not declare any static, non-private, non-final, nested classes annotated with @Configuration.
27796 [Test worker] INFO  org.springframework.boot.test.context.SpringBootTestContextBootstrapper  – Found @SpringBootConfiguration org.iata.bsplink.refund.Application for test class org.iata.bsplink.refund.controller.RefundIssuePermissionControllerTest
27797 [Test worker] INFO  org.springframework.boot.test.context.SpringBootTestContextBootstrapper  – Loaded default TestExecutionListener class names from location [META-INF/spring.factories]: [org.springframework.boot.test.autoconfigure.restdocs.RestDocsTestExecutionListener, org.springframework.boot.test.autoconfigure.web.client.MockRestServiceServerResetTestExecutionListener, org.springframework.boot.test.autoconfigure.web.servlet.MockMvcPrintOnlyOnFailureTestExecutionListener, org.springframework.boot.test.autoconfigure.web.servlet.WebDriverTestExecutionListener, org.springframework.boot.test.mock.mockito.MockitoTestExecutionListener, org.springframework.boot.test.mock.mockito.ResetMocksTestExecutionListener, org.springframework.test.context.web.ServletTestExecutionListener, org.springframework.test.context.support.DirtiesContextBeforeModesTestExecutionListener, org.springframework.test.context.support.DependencyInjectionTestExecutionListener, org.springframework.test.context.support.DirtiesContextTestExecutionListener, org.springframework.test.context.transaction.TransactionalTestExecutionListener, org.springframework.test.context.jdbc.SqlScriptsTestExecutionListener]
27797 [Test worker] INFO  org.springframework.boot.test.context.SpringBootTestContextBootstrapper  – Using TestExecutionListeners: [org.springframework.test.context.web.ServletTestExecutionListener@4d4d0dac, org.springframework.test.context.support.DirtiesContextBeforeModesTestExecutionListener@68c4d0b7, org.springframework.boot.test.mock.mockito.MockitoTestExecutionListener@7a86d833, org.springframework.boot.test.autoconfigure.SpringBootDependencyInjectionTestExecutionListener@c9755c7, org.springframework.test.context.support.DirtiesContextTestExecutionListener@29920994, org.springframework.test.context.transaction.TransactionalTestExecutionListener@671d3579, org.springframework.test.context.jdbc.SqlScriptsTestExecutionListener@2b963ee9, org.springframework.boot.test.autoconfigure.restdocs.RestDocsTestExecutionListener@1d997f31, org.springframework.boot.test.autoconfigure.web.client.MockRestServiceServerResetTestExecutionListener@247e1bbf, org.springframework.boot.test.autoconfigure.web.servlet.MockMvcPrintOnlyOnFailureTestExecutionListener@2a4644b4, org.springframework.boot.test.autoconfigure.web.servlet.WebDriverTestExecutionListener@303d5663, org.springframework.boot.test.mock.mockito.ResetMocksTestExecutionListener@660bc7a2]
27841 [Test worker] INFO  org.springframework.context.annotation.AnnotationConfigApplicationContext  – Refreshing org.springframework.context.annotation.AnnotationConfigApplicationContext@2b8cd32e: startup date [Thu Aug 09 13:37:11 CEST 2018]; root of context hierarchy
27882 [Test worker] INFO  org.springframework.context.support.PostProcessorRegistrationDelegate$BeanPostProcessorChecker  – Bean 'configurationPropertiesRebinderAutoConfiguration' of type [org.springframework.cloud.autoconfigure.ConfigurationPropertiesRebinderAutoConfiguration$$EnhancerBySpringCGLIB$$7e42e66b] is not eligible for getting processed by all BeanPostProcessors (for example: not eligible for auto-proxying)
  ____                  _   _           _        ____            __                       _ 
 | __ )   ___   _ __   | | (_)  _ __   | | __   |  _ \    ___   / _|  _   _   _ __     __| |
 |  _ \  / __| | '_ \  | | | | | '_ \  | |/ /   | |_) |  / _ \ | |_  | | | | | '_ \   / _` |
 | |_) | \__ \ | |_) | | | | | | | | | |   <    |  _ <  |  __/ |  _| | |_| | | | | | | (_| |
 |____/  |___/ | .__/  |_| |_| |_| |_| |_|\_\   |_| \_\  \___| |_|    \__,_| |_| |_|  \__,_|
               |_|     
                                                         
                                       
 :: bsplink-refund-management
27949 [Test worker] INFO  org.iata.bsplink.refund.controller.RefundIssuePermissionControllerTest  – No active profile set, falling back to default profiles: default
27951 [Test worker] INFO  org.springframework.web.context.support.GenericWebApplicationContext  – Refreshing org.springframework.web.context.support.GenericWebApplicationContext@2894ab44: startup date [Thu Aug 09 13:37:11 CEST 2018]; parent: org.springframework.context.annotation.AnnotationConfigApplicationContext@2b8cd32e
28381 [Test worker] INFO  org.springframework.beans.factory.support.DefaultListableBeanFactory  – Overriding bean definition for bean 'dataSource' with a different definition: replacing [Root bean: class [null]; scope=refresh; abstract=false; lazyInit=false; autowireMode=3; dependencyCheck=0; autowireCandidate=false; primary=false; factoryBeanName=org.springframework.boot.autoconfigure.jdbc.DataSourceConfiguration$Hikari; factoryMethodName=dataSource; initMethodName=null; destroyMethodName=(inferred); defined in class path resource [org/springframework/boot/autoconfigure/jdbc/DataSourceConfiguration$Hikari.class]] with [Root bean: class [org.springframework.aop.scope.ScopedProxyFactoryBean]; scope=; abstract=false; lazyInit=false; autowireMode=0; dependencyCheck=0; autowireCandidate=true; primary=false; factoryBeanName=null; factoryMethodName=null; initMethodName=null; destroyMethodName=null; defined in BeanDefinition defined in class path resource [org/springframework/boot/autoconfigure/jdbc/DataSourceConfiguration$Hikari.class]]
28396 [Test worker] INFO  org.springframework.cloud.context.scope.GenericScope  – BeanFactory id=0cb40e0d-ae91-3a4e-9a0d-cdb6fd9a07d3
28539 [Test worker] INFO  org.springframework.context.support.PostProcessorRegistrationDelegate$BeanPostProcessorChecker  – Bean 'org.springframework.transaction.annotation.ProxyTransactionManagementConfiguration' of type [org.springframework.transaction.annotation.ProxyTransactionManagementConfiguration$$EnhancerBySpringCGLIB$$6228e36e] is not eligible for getting processed by all BeanPostProcessors (for example: not eligible for auto-proxying)
28564 [Test worker] INFO  org.springframework.context.support.PostProcessorRegistrationDelegate$BeanPostProcessorChecker  – Bean 'org.springframework.cloud.autoconfigure.ConfigurationPropertiesRebinderAutoConfiguration' of type [org.springframework.cloud.autoconfigure.ConfigurationPropertiesRebinderAutoConfiguration$$EnhancerBySpringCGLIB$$7e42e66b] is not eligible for getting processed by all BeanPostProcessors (for example: not eligible for auto-proxying)
2018-08-09 13:37:12.594  INFO 26020 --- [    Test worker] com.zaxxer.hikari.HikariDataSource       : HikariPool-5 - Starting...
2018-08-09 13:37:12.596  INFO 26020 --- [    Test worker] com.zaxxer.hikari.HikariDataSource       : HikariPool-5 - Start completed.
2018-08-09 13:37:12.597  INFO 26020 --- [    Test worker] o.f.c.internal.database.DatabaseFactory  : Database: jdbc:h2:mem:testdb (H2 1.4)
2018-08-09 13:37:12.602  INFO 26020 --- [    Test worker] o.f.core.internal.command.DbValidate     : Successfully validated 1 migration (execution time 00:00.004s)
2018-08-09 13:37:12.614  INFO 26020 --- [    Test worker] o.f.core.internal.command.DbMigrate      : Current version of schema "PUBLIC": 0001
2018-08-09 13:37:12.614  INFO 26020 --- [    Test worker] o.f.core.internal.command.DbMigrate      : Schema "PUBLIC" is up to date. No migration necessary.
28732 [Test worker] INFO  org.springframework.orm.jpa.LocalContainerEntityManagerFactoryBean  – Building JPA container EntityManagerFactory for persistence unit 'default'
2018-08-09 13:37:12.683  INFO 26020 --- [    Test worker] o.hibernate.jpa.internal.util.LogHelper  : HHH000204: Processing PersistenceUnitInfo [
	name: default
	...]
2018-08-09 13:37:12.692  INFO 26020 --- [    Test worker] org.hibernate.dialect.Dialect            : HHH000400: Using dialect: org.hibernate.dialect.H2Dialect
28905 [Test worker] INFO  org.springframework.orm.jpa.LocalContainerEntityManagerFactoryBean  – Initialized JPA EntityManagerFactory for persistence unit 'default'
28942 [Test worker] INFO  org.springframework.context.annotation.AnnotationConfigApplicationContext  – Refreshing FeignContext-agents: startup date [Thu Aug 09 13:37:12 CEST 2018]; parent: org.springframework.web.context.support.GenericWebApplicationContext@2894ab44
29090 [Test worker] INFO  org.springframework.context.annotation.AnnotationConfigApplicationContext  – Refreshing FeignContext-airlines: startup date [Thu Aug 09 13:37:13 CEST 2018]; parent: org.springframework.web.context.support.GenericWebApplicationContext@2894ab44
29521 [Test worker] WARN  org.springframework.boot.autoconfigure.orm.jpa.JpaBaseConfiguration$JpaWebConfiguration$JpaWebMvcConfiguration  – spring.jpa.open-in-view is enabled by default. Therefore, database queries may be performed during view rendering. Explicitly configure spring.jpa.open-in-view to disable this warning
29552 [Test worker] INFO  org.springframework.web.servlet.mvc.method.annotation.RequestMappingHandlerMapping  – Mapped "{[/v1/agents/{code}],methods=[GET]}" onto public org.springframework.http.ResponseEntity<org.iata.bsplink.refund.dto.Agent> org.iata.bsplink.refund.controller.AgentController.getAgent(java.lang.String)
29552 [Test worker] INFO  org.springframework.web.servlet.mvc.method.annotation.RequestMappingHandlerMapping  – Mapped "{[/v1/airlines/{isoCountryCode}/{airlineCode}],methods=[GET]}" onto public org.springframework.http.ResponseEntity<org.iata.bsplink.refund.dto.Airline> org.iata.bsplink.refund.controller.AirlineController.getAirline(java.lang.String,java.lang.String)
29553 [Test worker] INFO  org.springframework.web.servlet.mvc.method.annotation.RequestMappingHandlerMapping  – Mapped "{[/v1/configurations/{isoc}],methods=[GET]}" onto public org.springframework.http.ResponseEntity<org.iata.bsplink.refund.model.entity.Config> org.iata.bsplink.refund.controller.ConfigController.getConfig(java.lang.String)
29553 [Test worker] INFO  org.springframework.web.servlet.mvc.method.annotation.RequestMappingHandlerMapping  – Mapped "{[/v1/configurations/isocs],methods=[GET]}" onto public org.springframework.http.ResponseEntity<java.util.List<java.lang.String>> org.iata.bsplink.refund.controller.ConfigController.getIsocs()
29553 [Test worker] INFO  org.springframework.web.servlet.mvc.method.annotation.RequestMappingHandlerMapping  – Mapped "{[/v1/configurations],methods=[GET]}" onto public org.springframework.http.ResponseEntity<java.util.List<org.iata.bsplink.refund.model.entity.Config>> org.iata.bsplink.refund.controller.ConfigController.getConfigs()
29554 [Test worker] INFO  org.springframework.web.servlet.mvc.method.annotation.RequestMappingHandlerMapping  – Mapped "{[/v1/configurations],methods=[POST]}" onto public org.springframework.http.ResponseEntity<org.iata.bsplink.refund.model.entity.Config> org.iata.bsplink.refund.controller.ConfigController.save(org.iata.bsplink.refund.model.entity.Config,org.springframework.validation.Errors)
29554 [Test worker] INFO  org.springframework.web.servlet.mvc.method.annotation.RequestMappingHandlerMapping  – Mapped "{[/v1/currencies/{isoc}],methods=[GET]}" onto public org.springframework.http.ResponseEntity<java.util.List<org.iata.bsplink.refund.fake.IsocCurrencies>> org.iata.bsplink.refund.controller.CurrenciesController.getCurrencies(java.lang.String)
29555 [Test worker] INFO  org.springframework.web.servlet.mvc.method.annotation.RequestMappingHandlerMapping  – Mapped "{[/v1/reasons/indirects/{id}],methods=[GET]}" onto public org.springframework.http.ResponseEntity<org.iata.bsplink.refund.model.entity.Reason> org.iata.bsplink.refund.controller.ReasonController.getReason(java.util.Optional<org.iata.bsplink.refund.model.entity.Reason>)
29556 [Test worker] INFO  org.springframework.web.servlet.mvc.method.annotation.RequestMappingHandlerMapping  – Mapped "{[/v1/reasons/indirects],methods=[POST]}" onto public org.springframework.http.ResponseEntity<org.iata.bsplink.refund.model.entity.Reason> org.iata.bsplink.refund.controller.ReasonController.createReason(org.iata.bsplink.refund.model.entity.Reason,org.springframework.validation.Errors)
29556 [Test worker] INFO  org.springframework.web.servlet.mvc.method.annotation.RequestMappingHandlerMapping  – Mapped "{[/v1/reasons/indirects],methods=[GET]}" onto public org.springframework.http.ResponseEntity<java.util.List<org.iata.bsplink.refund.model.entity.Reason>> org.iata.bsplink.refund.controller.ReasonController.getReasons()
29556 [Test worker] INFO  org.springframework.web.servlet.mvc.method.annotation.RequestMappingHandlerMapping  – Mapped "{[/v1/reasons/indirects],methods=[GET],params=[isoCountryCode && refundType]}" onto public org.springframework.http.ResponseEntity<java.util.List<org.iata.bsplink.refund.model.entity.Reason>> org.iata.bsplink.refund.controller.ReasonController.getReasonsByIsocAndType(java.lang.String,org.iata.bsplink.refund.model.entity.ReasonType)
29556 [Test worker] INFO  org.springframework.web.servlet.mvc.method.annotation.RequestMappingHandlerMapping  – Mapped "{[/v1/reasons/indirects],methods=[GET],params=[isoCountryCode]}" onto public org.springframework.http.ResponseEntity<java.util.List<org.iata.bsplink.refund.model.entity.Reason>> org.iata.bsplink.refund.controller.ReasonController.getReasonsByIsoc(java.lang.String)
29557 [Test worker] INFO  org.springframework.web.servlet.mvc.method.annotation.RequestMappingHandlerMapping  – Mapped "{[/v1/reasons/indirects/{id}],methods=[DELETE]}" onto public org.springframework.http.ResponseEntity<org.iata.bsplink.refund.model.entity.Reason> org.iata.bsplink.refund.controller.ReasonController.deleteReason(java.util.Optional<org.iata.bsplink.refund.model.entity.Reason>)
29557 [Test worker] INFO  org.springframework.web.servlet.mvc.method.annotation.RequestMappingHandlerMapping  – Mapped "{[/v1/reasons/indirects/{id}],methods=[PUT]}" onto public org.springframework.http.ResponseEntity<org.iata.bsplink.refund.model.entity.Reason> org.iata.bsplink.refund.controller.ReasonController.updateReason(java.lang.Long,org.iata.bsplink.refund.model.entity.Reason)
29560 [Test worker] INFO  org.springframework.web.servlet.mvc.method.annotation.RequestMappingHandlerMapping  – Mapped "{[/v1/refunds/indirects/{id}/files],methods=[GET]}" onto public org.springframework.http.ResponseEntity<java.util.List<org.iata.bsplink.refund.model.entity.BsplinkFile>> org.iata.bsplink.refund.controller.RefundController.getAllFilesForRefund(org.iata.bsplink.refund.model.entity.Refund)
29560 [Test worker] INFO  org.springframework.web.servlet.mvc.method.annotation.RequestMappingHandlerMapping  – Mapped "{[/v1/refunds/indirects/{id}/files],methods=[POST],consumes=[multipart/form-data]}" onto public org.springframework.http.ResponseEntity<java.util.List<org.iata.bsplink.refund.response.SimpleResponse>> org.iata.bsplink.refund.controller.RefundController.saveFiles(org.iata.bsplink.refund.model.entity.Refund,java.util.List<org.springframework.web.multipart.MultipartFile>)
29560 [Test worker] INFO  org.springframework.web.servlet.mvc.method.annotation.RequestMappingHandlerMapping  – Mapped "{[/v1/refunds/indirects],methods=[POST]}" onto public org.springframework.http.ResponseEntity<org.iata.bsplink.refund.model.entity.Refund> org.iata.bsplink.refund.controller.RefundController.saveRefund(org.iata.bsplink.refund.model.entity.Refund,org.springframework.validation.Errors)
29560 [Test worker] INFO  org.springframework.web.servlet.mvc.method.annotation.RequestMappingHandlerMapping  – Mapped "{[/v1/refunds/indirects/{id}],methods=[PUT]}" onto public org.springframework.http.ResponseEntity<org.iata.bsplink.refund.model.entity.Refund> org.iata.bsplink.refund.controller.RefundController.updateRefund(java.lang.Long,org.iata.bsplink.refund.model.entity.Refund,org.springframework.validation.Errors)
29560 [Test worker] INFO  org.springframework.web.servlet.mvc.method.annotation.RequestMappingHandlerMapping  – Mapped "{[/v1/refunds/indirects/{id}],methods=[DELETE]}" onto public org.springframework.http.ResponseEntity<org.iata.bsplink.refund.model.entity.Refund> org.iata.bsplink.refund.controller.RefundController.deleteRefund(java.util.Optional<org.iata.bsplink.refund.model.entity.Refund>)
29561 [Test worker] INFO  org.springframework.web.servlet.mvc.method.annotation.RequestMappingHandlerMapping  – Mapped "{[/v1/refunds/indirects/{id}/history],methods=[GET]}" onto public org.springframework.http.ResponseEntity<java.util.List<org.iata.bsplink.refund.model.entity.RefundHistory>> org.iata.bsplink.refund.controller.RefundController.getRefundHistory(java.util.Optional<org.iata.bsplink.refund.model.entity.Refund>)
29561 [Test worker] INFO  org.springframework.web.servlet.mvc.method.annotation.RequestMappingHandlerMapping  – Mapped "{[/v1/refunds/indirects/{id}/status],methods=[POST]}" onto public org.springframework.http.ResponseEntity<org.iata.bsplink.refund.model.entity.Refund> org.iata.bsplink.refund.controller.RefundController.changeRefundStatus(org.iata.bsplink.refund.model.entity.Refund,org.iata.bsplink.refund.dto.RefundStatusRequest,org.springframework.validation.Errors)
29561 [Test worker] INFO  org.springframework.web.servlet.mvc.method.annotation.RequestMappingHandlerMapping  – Mapped "{[/v1/refunds/indirects],methods=[GET],params=[isoCountryCode && airlineCode && ticketDocumentNumber]}" onto public org.springframework.http.ResponseEntity<org.iata.bsplink.refund.model.entity.Refund> org.iata.bsplink.refund.controller.RefundController.getRefundByIsoCountryCodeAirlineCodeTicketDocumentNumber(java.lang.String,java.lang.String,java.lang.String)
29561 [Test worker] INFO  org.springframework.web.servlet.mvc.method.annotation.RequestMappingHandlerMapping  – Mapped "{[/v1/refunds/indirects/{id}],methods=[PUT],params=[fileName]}" onto public org.springframework.http.ResponseEntity<org.iata.bsplink.refund.model.entity.Refund> org.iata.bsplink.refund.controller.RefundController.updateRefundViaMassload(java.lang.Long,java.lang.String,org.iata.bsplink.refund.model.entity.Refund,org.springframework.validation.Errors)
29561 [Test worker] INFO  org.springframework.web.servlet.mvc.method.annotation.RequestMappingHandlerMapping  – Mapped "{[/v1/refunds/indirects/{id}/status],methods=[POST],params=[fileName]}" onto public org.springframework.http.ResponseEntity<org.iata.bsplink.refund.model.entity.Refund> org.iata.bsplink.refund.controller.RefundController.changeRefundStatusViaMassload(java.lang.String,org.iata.bsplink.refund.model.entity.Refund,org.iata.bsplink.refund.dto.RefundStatusRequest,org.springframework.validation.Errors)
29562 [Test worker] INFO  org.springframework.web.servlet.mvc.method.annotation.RequestMappingHandlerMapping  – Mapped "{[/v1/refunds/indirects/{id}],methods=[GET]}" onto public org.springframework.http.ResponseEntity<org.iata.bsplink.refund.model.entity.Refund> org.iata.bsplink.refund.controller.RefundController.getRefund(java.util.Optional<org.iata.bsplink.refund.model.entity.Refund>)
29562 [Test worker] INFO  org.springframework.web.servlet.mvc.method.annotation.RequestMappingHandlerMapping  – Mapped "{[/v1/refunds/indirects],methods=[GET]}" onto public org.springframework.http.ResponseEntity<java.util.List<org.iata.bsplink.refund.model.entity.Refund>> org.iata.bsplink.refund.controller.RefundController.getRefunds()
29562 [Test worker] INFO  org.springframework.web.servlet.mvc.method.annotation.RequestMappingHandlerMapping  – Mapped "{[/v1/refunds/indirects/{id}/comments],methods=[GET],produces=[application/json;charset=UTF-8]}" onto public org.springframework.http.ResponseEntity<java.util.List<org.iata.bsplink.refund.model.entity.Comment>> org.iata.bsplink.refund.controller.RefundController.getAllCommentsForRefund(org.iata.bsplink.refund.model.entity.Refund)
29562 [Test worker] INFO  org.springframework.web.servlet.mvc.method.annotation.RequestMappingHandlerMapping  – Mapped "{[/v1/refunds/indirects/{id}/comments],methods=[POST]}" onto public org.springframework.http.ResponseEntity<org.iata.bsplink.refund.model.entity.Comment> org.iata.bsplink.refund.controller.RefundController.saveComment(org.iata.bsplink.refund.dto.CommentRequest,java.lang.Long)
29564 [Test worker] INFO  org.springframework.web.servlet.mvc.method.annotation.RequestMappingHandlerMapping  – Mapped "{[/v1/refunds/indirects/permissions],methods=[POST]}" onto public org.springframework.http.ResponseEntity<org.iata.bsplink.refund.model.entity.RefundIssuePermission> org.iata.bsplink.refund.controller.RefundIssuePermissionController.createRefundIssuePermission(org.iata.bsplink.refund.model.entity.RefundIssuePermission,org.springframework.validation.Errors)
29564 [Test worker] INFO  org.springframework.web.servlet.mvc.method.annotation.RequestMappingHandlerMapping  – Mapped "{[/v1/refunds/indirects/permissions],methods=[GET]}" onto public org.springframework.http.ResponseEntity<java.util.List<org.iata.bsplink.refund.model.entity.RefundIssuePermission>> org.iata.bsplink.refund.controller.RefundIssuePermissionController.getRefundIssuePermissions()
29564 [Test worker] INFO  org.springframework.web.servlet.mvc.method.annotation.RequestMappingHandlerMapping  – Mapped "{[/v1/refunds/indirects/permissions/{id}],methods=[DELETE]}" onto public org.springframework.http.ResponseEntity<org.iata.bsplink.refund.model.entity.RefundIssuePermission> org.iata.bsplink.refund.controller.RefundIssuePermissionController.deleteRefundIssuePermission(java.util.Optional<org.iata.bsplink.refund.model.entity.RefundIssuePermission>)
29565 [Test worker] INFO  org.springframework.web.servlet.mvc.method.annotation.RequestMappingHandlerMapping  – Mapped "{[/v1/refunds/indirects/permissions/{id}],methods=[GET]}" onto public org.springframework.http.ResponseEntity<org.iata.bsplink.refund.model.entity.RefundIssuePermission> org.iata.bsplink.refund.controller.RefundIssuePermissionController.getRefundIssuePermission(java.util.Optional<org.iata.bsplink.refund.model.entity.RefundIssuePermission>)
29565 [Test worker] INFO  org.springframework.web.servlet.mvc.method.annotation.RequestMappingHandlerMapping  – Mapped "{[/v1/refunds/indirects/permissions],methods=[GET],params=[isoCountryCode && airlineCode && agentCode]}" onto public org.springframework.http.ResponseEntity<org.iata.bsplink.refund.model.entity.RefundIssuePermission> org.iata.bsplink.refund.controller.RefundIssuePermissionController.getRefundIssuePermissionByIsoCountryCodeAndAirlineCodeAndAgentCode(java.lang.String,java.lang.String,java.lang.String)
29565 [Test worker] INFO  org.springframework.web.servlet.mvc.method.annotation.RequestMappingHandlerMapping  – Mapped "{[/v1/refunds/indirects/permissions],methods=[GET],params=[isoCountryCode && airlineCode]}" onto public org.springframework.http.ResponseEntity<java.util.List<org.iata.bsplink.refund.model.entity.RefundIssuePermission>> org.iata.bsplink.refund.controller.RefundIssuePermissionController.getRefundIssuePermissionByIsoCountryCodeAndAirlineCode(java.lang.String,java.lang.String)
29566 [Test worker] INFO  org.springframework.web.servlet.mvc.method.annotation.RequestMappingHandlerMapping  – Mapped "{[/swagger-resources/configuration/security]}" onto public org.springframework.http.ResponseEntity<springfox.documentation.swagger.web.SecurityConfiguration> springfox.documentation.swagger.web.ApiResourceController.securityConfiguration()
29566 [Test worker] INFO  org.springframework.web.servlet.mvc.method.annotation.RequestMappingHandlerMapping  – Mapped "{[/swagger-resources]}" onto public org.springframework.http.ResponseEntity<java.util.List<springfox.documentation.swagger.web.SwaggerResource>> springfox.documentation.swagger.web.ApiResourceController.swaggerResources()
29567 [Test worker] INFO  org.springframework.web.servlet.mvc.method.annotation.RequestMappingHandlerMapping  – Mapped "{[/swagger-resources/configuration/ui]}" onto public org.springframework.http.ResponseEntity<springfox.documentation.swagger.web.UiConfiguration> springfox.documentation.swagger.web.ApiResourceController.uiConfiguration()
29569 [Test worker] INFO  org.springframework.web.servlet.mvc.method.annotation.RequestMappingHandlerMapping  – Mapped "{[/error],produces=[text/html]}" onto public org.springframework.web.servlet.ModelAndView org.springframework.boot.autoconfigure.web.servlet.error.BasicErrorController.errorHtml(javax.servlet.http.HttpServletRequest,javax.servlet.http.HttpServletResponse)
29569 [Test worker] INFO  org.springframework.web.servlet.mvc.method.annotation.RequestMappingHandlerMapping  – Mapped "{[/error]}" onto public org.springframework.http.ResponseEntity<java.util.Map<java.lang.String, java.lang.Object>> org.springframework.boot.autoconfigure.web.servlet.error.BasicErrorController.error(javax.servlet.http.HttpServletRequest)
29657 [Test worker] INFO  springfox.documentation.spring.web.PropertySourcedRequestMappingHandlerMapping  – Mapped URL path [/v2/api-docs] onto method [public org.springframework.http.ResponseEntity<springfox.documentation.spring.web.json.Json> springfox.documentation.swagger2.web.Swagger2Controller.getDocumentation(java.lang.String,javax.servlet.http.HttpServletRequest)]
29757 [Test worker] INFO  org.springframework.boot.test.mock.web.SpringBootMockServletContext  – Initializing Spring FrameworkServlet ''
29757 [Test worker] INFO  org.springframework.test.web.servlet.TestDispatcherServlet  – FrameworkServlet '': initialization started
29792 [Test worker] INFO  org.springframework.web.servlet.handler.SimpleUrlHandlerMapping  – Mapped URL path [/webjars/**] onto handler of type [class org.springframework.web.servlet.resource.ResourceHttpRequestHandler]
29792 [Test worker] INFO  org.springframework.web.servlet.handler.SimpleUrlHandlerMapping  – Mapped URL path [/**] onto handler of type [class org.springframework.web.servlet.resource.ResourceHttpRequestHandler]
29812 [Test worker] INFO  org.springframework.web.servlet.handler.SimpleUrlHandlerMapping  – Mapped URL path [/**/favicon.ico] onto handler of type [class org.springframework.web.servlet.resource.ResourceHttpRequestHandler]
29935 [Test worker] INFO  org.springframework.web.servlet.mvc.method.annotation.RequestMappingHandlerAdapter  – Looking for @ControllerAdvice: org.springframework.web.context.support.GenericWebApplicationContext@2894ab44: startup date [Thu Aug 09 13:37:11 CEST 2018]; parent: org.springframework.context.annotation.AnnotationConfigApplicationContext@2b8cd32e
29964 [Test worker] INFO  org.springframework.web.servlet.mvc.method.annotation.ExceptionHandlerExceptionResolver  – Detected @ExceptionHandler methods in applicationExceptionHandler
29999 [Test worker] INFO  org.springframework.test.web.servlet.TestDispatcherServlet  – FrameworkServlet '': initialization completed in 242 ms
30044 [Test worker] WARN  org.springframework.cloud.netflix.archaius.ArchaiusAutoConfiguration  – Netflix ConfigurationManager has already been installed, unable to re-install
30285 [Test worker] INFO  org.springframework.context.support.DefaultLifecycleProcessor  – Starting beans in phase 2147483647
2018-08-09 13:37:14.236  INFO 26020 --- [    Test worker] d.s.w.p.DocumentationPluginsBootstrapper : Context refreshed
2018-08-09 13:37:14.238  INFO 26020 --- [    Test worker] d.s.w.p.DocumentationPluginsBootstrapper : Found 1 custom documentation plugin(s)
2018-08-09 13:37:14.248  INFO 26020 --- [    Test worker] s.d.s.w.s.ApiListingReferenceScanner     : Scanning for api listing references
30460 [Test worker] INFO  org.iata.bsplink.refund.controller.RefundIssuePermissionControllerTest  – Started RefundIssuePermissionControllerTest in 2.661 seconds (JVM running for 31.777)
30480 [Test worker] INFO  org.springframework.test.context.transaction.TransactionContext  – Began transaction (1) for test context [DefaultTestContext@2b9e2c22 testClass = RefundIssuePermissionControllerTest, testInstance = org.iata.bsplink.refund.controller.RefundIssuePermissionControllerTest@51c3cd19, testMethod = testListsRefundIssuePermissionsByIsoCountryCodeAndAirlineCodeAndAgentCode@RefundIssuePermissionControllerTest, testException = [null], mergedContextConfiguration = [WebMergedContextConfiguration@4cd41121 testClass = RefundIssuePermissionControllerTest, locations = '{}', classes = '{class org.iata.bsplink.refund.Application}', contextInitializerClasses = '[]', activeProfiles = '{}', propertySourceLocations = '{}', propertySourceProperties = '{org.springframework.boot.test.context.SpringBootTestContextBootstrapper=true}', contextCustomizers = set[org.springframework.boot.test.autoconfigure.properties.PropertyMappingContextCustomizer@e7e8512, org.springframework.boot.test.autoconfigure.web.servlet.WebDriverContextCustomizerFactory$Customizer@4ece6cea, [ImportsContextCustomizer@283c3a77 key = [org.springframework.boot.test.autoconfigure.web.servlet.MockMvcAutoConfiguration, org.springframework.boot.test.autoconfigure.web.servlet.MockMvcSecurityAutoConfiguration, org.springframework.boot.test.autoconfigure.web.servlet.MockMvcWebClientAutoConfiguration, org.springframework.boot.test.autoconfigure.web.servlet.MockMvcWebDriverAutoConfiguration]], org.springframework.boot.test.context.filter.ExcludeFilterContextCustomizer@7c81a5a0, org.springframework.boot.test.json.DuplicateJsonObjectContextCustomizerFactory$DuplicateJsonObjectContextCustomizer@2dc9c285, org.springframework.boot.test.mock.mockito.MockitoContextCustomizer@dd4ba3fc, org.springframework.boot.test.web.client.TestRestTemplateContextCustomizer@794b4b8d], resourceBasePath = 'src/main/webapp', contextLoader = 'org.springframework.boot.test.context.SpringBootContextLoader', parent = [null]], attributes = map['org.springframework.test.context.web.ServletTestExecutionListener.activateListener' -> true, 'org.springframework.test.context.web.ServletTestExecutionListener.populatedRequestContextHolder' -> true, 'org.springframework.test.context.web.ServletTestExecutionListener.resetRequestContextHolder' -> true]]; transaction manager [org.springframework.orm.jpa.JpaTransactionManager@2bda7e48]; rollback [true]
2018-08-09 13:37:14.444  INFO 26020 --- [    Test worker] o.h.h.i.QueryTranslatorFactoryInitiator  : HHH000397: Using ASTQueryTranslatorFactory
30512 [Test worker] INFO  org.springframework.test.context.transaction.TransactionContext  – Rolled back transaction for test context [DefaultTestContext@2b9e2c22 testClass = RefundIssuePermissionControllerTest, testInstance = org.iata.bsplink.refund.controller.RefundIssuePermissionControllerTest@51c3cd19, testMethod = testListsRefundIssuePermissionsByIsoCountryCodeAndAirlineCodeAndAgentCode@RefundIssuePermissionControllerTest, testException = [null], mergedContextConfiguration = [WebMergedContextConfiguration@4cd41121 testClass = RefundIssuePermissionControllerTest, locations = '{}', classes = '{class org.iata.bsplink.refund.Application}', contextInitializerClasses = '[]', activeProfiles = '{}', propertySourceLocations = '{}', propertySourceProperties = '{org.springframework.boot.test.context.SpringBootTestContextBootstrapper=true}', contextCustomizers = set[org.springframework.boot.test.autoconfigure.properties.PropertyMappingContextCustomizer@e7e8512, org.springframework.boot.test.autoconfigure.web.servlet.WebDriverContextCustomizerFactory$Customizer@4ece6cea, [ImportsContextCustomizer@283c3a77 key = [org.springframework.boot.test.autoconfigure.web.servlet.MockMvcAutoConfiguration, org.springframework.boot.test.autoconfigure.web.servlet.MockMvcSecurityAutoConfiguration, org.springframework.boot.test.autoconfigure.web.servlet.MockMvcWebClientAutoConfiguration, org.springframework.boot.test.autoconfigure.web.servlet.MockMvcWebDriverAutoConfiguration]], org.springframework.boot.test.context.filter.ExcludeFilterContextCustomizer@7c81a5a0, org.springframework.boot.test.json.DuplicateJsonObjectContextCustomizerFactory$DuplicateJsonObjectContextCustomizer@2dc9c285, org.springframework.boot.test.mock.mockito.MockitoContextCustomizer@dd4ba3fc, org.springframework.boot.test.web.client.TestRestTemplateContextCustomizer@794b4b8d], resourceBasePath = 'src/main/webapp', contextLoader = 'org.springframework.boot.test.context.SpringBootContextLoader', parent = [null]], attributes = map['org.springframework.test.context.web.ServletTestExecutionListener.activateListener' -> true, 'org.springframework.test.context.web.ServletTestExecutionListener.populatedRequestContextHolder' -> true, 'org.springframework.test.context.web.ServletTestExecutionListener.resetRequestContextHolder' -> true]].
30518 [Test worker] INFO  org.springframework.test.context.transaction.TransactionContext  – Began transaction (1) for test context [DefaultTestContext@2b9e2c22 testClass = RefundIssuePermissionControllerTest, testInstance = org.iata.bsplink.refund.controller.RefundIssuePermissionControllerTest@613daf35, testMethod = testReturnsCreatedRefundIssuePermission@RefundIssuePermissionControllerTest, testException = [null], mergedContextConfiguration = [WebMergedContextConfiguration@4cd41121 testClass = RefundIssuePermissionControllerTest, locations = '{}', classes = '{class org.iata.bsplink.refund.Application}', contextInitializerClasses = '[]', activeProfiles = '{}', propertySourceLocations = '{}', propertySourceProperties = '{org.springframework.boot.test.context.SpringBootTestContextBootstrapper=true}', contextCustomizers = set[org.springframework.boot.test.autoconfigure.properties.PropertyMappingContextCustomizer@e7e8512, org.springframework.boot.test.autoconfigure.web.servlet.WebDriverContextCustomizerFactory$Customizer@4ece6cea, [ImportsContextCustomizer@283c3a77 key = [org.springframework.boot.test.autoconfigure.web.servlet.MockMvcAutoConfiguration, org.springframework.boot.test.autoconfigure.web.servlet.MockMvcSecurityAutoConfiguration, org.springframework.boot.test.autoconfigure.web.servlet.MockMvcWebClientAutoConfiguration, org.springframework.boot.test.autoconfigure.web.servlet.MockMvcWebDriverAutoConfiguration]], org.springframework.boot.test.context.filter.ExcludeFilterContextCustomizer@7c81a5a0, org.springframework.boot.test.json.DuplicateJsonObjectContextCustomizerFactory$DuplicateJsonObjectContextCustomizer@2dc9c285, org.springframework.boot.test.mock.mockito.MockitoContextCustomizer@dd4ba3fc, org.springframework.boot.test.web.client.TestRestTemplateContextCustomizer@794b4b8d], resourceBasePath = 'src/main/webapp', contextLoader = 'org.springframework.boot.test.context.SpringBootContextLoader', parent = [null]], attributes = map['org.springframework.test.context.web.ServletTestExecutionListener.activateListener' -> true, 'org.springframework.test.context.web.ServletTestExecutionListener.populatedRequestContextHolder' -> true, 'org.springframework.test.context.web.ServletTestExecutionListener.resetRequestContextHolder' -> true]]; transaction manager [org.springframework.orm.jpa.JpaTransactionManager@2bda7e48]; rollback [true]
30534 [Test worker] INFO  org.springframework.test.context.transaction.TransactionContext  – Rolled back transaction for test context [DefaultTestContext@2b9e2c22 testClass = RefundIssuePermissionControllerTest, testInstance = org.iata.bsplink.refund.controller.RefundIssuePermissionControllerTest@613daf35, testMethod = testReturnsCreatedRefundIssuePermission@RefundIssuePermissionControllerTest, testException = [null], mergedContextConfiguration = [WebMergedContextConfiguration@4cd41121 testClass = RefundIssuePermissionControllerTest, locations = '{}', classes = '{class org.iata.bsplink.refund.Application}', contextInitializerClasses = '[]', activeProfiles = '{}', propertySourceLocations = '{}', propertySourceProperties = '{org.springframework.boot.test.context.SpringBootTestContextBootstrapper=true}', contextCustomizers = set[org.springframework.boot.test.autoconfigure.properties.PropertyMappingContextCustomizer@e7e8512, org.springframework.boot.test.autoconfigure.web.servlet.WebDriverContextCustomizerFactory$Customizer@4ece6cea, [ImportsContextCustomizer@283c3a77 key = [org.springframework.boot.test.autoconfigure.web.servlet.MockMvcAutoConfiguration, org.springframework.boot.test.autoconfigure.web.servlet.MockMvcSecurityAutoConfiguration, org.springframework.boot.test.autoconfigure.web.servlet.MockMvcWebClientAutoConfiguration, org.springframework.boot.test.autoconfigure.web.servlet.MockMvcWebDriverAutoConfiguration]], org.springframework.boot.test.context.filter.ExcludeFilterContextCustomizer@7c81a5a0, org.springframework.boot.test.json.DuplicateJsonObjectContextCustomizerFactory$DuplicateJsonObjectContextCustomizer@2dc9c285, org.springframework.boot.test.mock.mockito.MockitoContextCustomizer@dd4ba3fc, org.springframework.boot.test.web.client.TestRestTemplateContextCustomizer@794b4b8d], resourceBasePath = 'src/main/webapp', contextLoader = 'org.springframework.boot.test.context.SpringBootContextLoader', parent = [null]], attributes = map['org.springframework.test.context.web.ServletTestExecutionListener.activateListener' -> true, 'org.springframework.test.context.web.ServletTestExecutionListener.populatedRequestContextHolder' -> true, 'org.springframework.test.context.web.ServletTestExecutionListener.resetRequestContextHolder' -> true]].
30535 [Test worker] INFO  org.springframework.test.context.transaction.TransactionContext  – Began transaction (1) for test context [DefaultTestContext@2b9e2c22 testClass = RefundIssuePermissionControllerTest, testInstance = org.iata.bsplink.refund.controller.RefundIssuePermissionControllerTest@3fb97eb6, testMethod = testReturnsCreatedRefundIssuePermissionConflict@RefundIssuePermissionControllerTest, testException = [null], mergedContextConfiguration = [WebMergedContextConfiguration@4cd41121 testClass = RefundIssuePermissionControllerTest, locations = '{}', classes = '{class org.iata.bsplink.refund.Application}', contextInitializerClasses = '[]', activeProfiles = '{}', propertySourceLocations = '{}', propertySourceProperties = '{org.springframework.boot.test.context.SpringBootTestContextBootstrapper=true}', contextCustomizers = set[org.springframework.boot.test.autoconfigure.properties.PropertyMappingContextCustomizer@e7e8512, org.springframework.boot.test.autoconfigure.web.servlet.WebDriverContextCustomizerFactory$Customizer@4ece6cea, [ImportsContextCustomizer@283c3a77 key = [org.springframework.boot.test.autoconfigure.web.servlet.MockMvcAutoConfiguration, org.springframework.boot.test.autoconfigure.web.servlet.MockMvcSecurityAutoConfiguration, org.springframework.boot.test.autoconfigure.web.servlet.MockMvcWebClientAutoConfiguration, org.springframework.boot.test.autoconfigure.web.servlet.MockMvcWebDriverAutoConfiguration]], org.springframework.boot.test.context.filter.ExcludeFilterContextCustomizer@7c81a5a0, org.springframework.boot.test.json.DuplicateJsonObjectContextCustomizerFactory$DuplicateJsonObjectContextCustomizer@2dc9c285, org.springframework.boot.test.mock.mockito.MockitoContextCustomizer@dd4ba3fc, org.springframework.boot.test.web.client.TestRestTemplateContextCustomizer@794b4b8d], resourceBasePath = 'src/main/webapp', contextLoader = 'org.springframework.boot.test.context.SpringBootContextLoader', parent = [null]], attributes = map['org.springframework.test.context.web.ServletTestExecutionListener.activateListener' -> true, 'org.springframework.test.context.web.ServletTestExecutionListener.populatedRequestContextHolder' -> true, 'org.springframework.test.context.web.ServletTestExecutionListener.resetRequestContextHolder' -> true]]; transaction manager [org.springframework.orm.jpa.JpaTransactionManager@2bda7e48]; rollback [true]
30550 [Test worker] INFO  org.springframework.test.context.transaction.TransactionContext  – Rolled back transaction for test context [DefaultTestContext@2b9e2c22 testClass = RefundIssuePermissionControllerTest, testInstance = org.iata.bsplink.refund.controller.RefundIssuePermissionControllerTest@3fb97eb6, testMethod = testReturnsCreatedRefundIssuePermissionConflict@RefundIssuePermissionControllerTest, testException = [null], mergedContextConfiguration = [WebMergedContextConfiguration@4cd41121 testClass = RefundIssuePermissionControllerTest, locations = '{}', classes = '{class org.iata.bsplink.refund.Application}', contextInitializerClasses = '[]', activeProfiles = '{}', propertySourceLocations = '{}', propertySourceProperties = '{org.springframework.boot.test.context.SpringBootTestContextBootstrapper=true}', contextCustomizers = set[org.springframework.boot.test.autoconfigure.properties.PropertyMappingContextCustomizer@e7e8512, org.springframework.boot.test.autoconfigure.web.servlet.WebDriverContextCustomizerFactory$Customizer@4ece6cea, [ImportsContextCustomizer@283c3a77 key = [org.springframework.boot.test.autoconfigure.web.servlet.MockMvcAutoConfiguration, org.springframework.boot.test.autoconfigure.web.servlet.MockMvcSecurityAutoConfiguration, org.springframework.boot.test.autoconfigure.web.servlet.MockMvcWebClientAutoConfiguration, org.springframework.boot.test.autoconfigure.web.servlet.MockMvcWebDriverAutoConfiguration]], org.springframework.boot.test.context.filter.ExcludeFilterContextCustomizer@7c81a5a0, org.springframework.boot.test.json.DuplicateJsonObjectContextCustomizerFactory$DuplicateJsonObjectContextCustomizer@2dc9c285, org.springframework.boot.test.mock.mockito.MockitoContextCustomizer@dd4ba3fc, org.springframework.boot.test.web.client.TestRestTemplateContextCustomizer@794b4b8d], resourceBasePath = 'src/main/webapp', contextLoader = 'org.springframework.boot.test.context.SpringBootContextLoader', parent = [null]], attributes = map['org.springframework.test.context.web.ServletTestExecutionListener.activateListener' -> true, 'org.springframework.test.context.web.ServletTestExecutionListener.populatedRequestContextHolder' -> true, 'org.springframework.test.context.web.ServletTestExecutionListener.resetRequestContextHolder' -> true]].
30551 [Test worker] INFO  org.springframework.test.context.transaction.TransactionContext  – Began transaction (1) for test context [DefaultTestContext@2b9e2c22 testClass = RefundIssuePermissionControllerTest, testInstance = org.iata.bsplink.refund.controller.RefundIssuePermissionControllerTest@145ca2ea, testMethod = testListsRefundIssuePermissionsByIsoCountryCodeAndAirlineCodeAndAgentCodeNotFound@RefundIssuePermissionControllerTest, testException = [null], mergedContextConfiguration = [WebMergedContextConfiguration@4cd41121 testClass = RefundIssuePermissionControllerTest, locations = '{}', classes = '{class org.iata.bsplink.refund.Application}', contextInitializerClasses = '[]', activeProfiles = '{}', propertySourceLocations = '{}', propertySourceProperties = '{org.springframework.boot.test.context.SpringBootTestContextBootstrapper=true}', contextCustomizers = set[org.springframework.boot.test.autoconfigure.properties.PropertyMappingContextCustomizer@e7e8512, org.springframework.boot.test.autoconfigure.web.servlet.WebDriverContextCustomizerFactory$Customizer@4ece6cea, [ImportsContextCustomizer@283c3a77 key = [org.springframework.boot.test.autoconfigure.web.servlet.MockMvcAutoConfiguration, org.springframework.boot.test.autoconfigure.web.servlet.MockMvcSecurityAutoConfiguration, org.springframework.boot.test.autoconfigure.web.servlet.MockMvcWebClientAutoConfiguration, org.springframework.boot.test.autoconfigure.web.servlet.MockMvcWebDriverAutoConfiguration]], org.springframework.boot.test.context.filter.ExcludeFilterContextCustomizer@7c81a5a0, org.springframework.boot.test.json.DuplicateJsonObjectContextCustomizerFactory$DuplicateJsonObjectContextCustomizer@2dc9c285, org.springframework.boot.test.mock.mockito.MockitoContextCustomizer@dd4ba3fc, org.springframework.boot.test.web.client.TestRestTemplateContextCustomizer@794b4b8d], resourceBasePath = 'src/main/webapp', contextLoader = 'org.springframework.boot.test.context.SpringBootContextLoader', parent = [null]], attributes = map['org.springframework.test.context.web.ServletTestExecutionListener.activateListener' -> true, 'org.springframework.test.context.web.ServletTestExecutionListener.populatedRequestContextHolder' -> true, 'org.springframework.test.context.web.ServletTestExecutionListener.resetRequestContextHolder' -> true]]; transaction manager [org.springframework.orm.jpa.JpaTransactionManager@2bda7e48]; rollback [true]
30560 [Test worker] INFO  org.springframework.test.context.transaction.TransactionContext  – Rolled back transaction for test context [DefaultTestContext@2b9e2c22 testClass = RefundIssuePermissionControllerTest, testInstance = org.iata.bsplink.refund.controller.RefundIssuePermissionControllerTest@145ca2ea, testMethod = testListsRefundIssuePermissionsByIsoCountryCodeAndAirlineCodeAndAgentCodeNotFound@RefundIssuePermissionControllerTest, testException = [null], mergedContextConfiguration = [WebMergedContextConfiguration@4cd41121 testClass = RefundIssuePermissionControllerTest, locations = '{}', classes = '{class org.iata.bsplink.refund.Application}', contextInitializerClasses = '[]', activeProfiles = '{}', propertySourceLocations = '{}', propertySourceProperties = '{org.springframework.boot.test.context.SpringBootTestContextBootstrapper=true}', contextCustomizers = set[org.springframework.boot.test.autoconfigure.properties.PropertyMappingContextCustomizer@e7e8512, org.springframework.boot.test.autoconfigure.web.servlet.WebDriverContextCustomizerFactory$Customizer@4ece6cea, [ImportsContextCustomizer@283c3a77 key = [org.springframework.boot.test.autoconfigure.web.servlet.MockMvcAutoConfiguration, org.springframework.boot.test.autoconfigure.web.servlet.MockMvcSecurityAutoConfiguration, org.springframework.boot.test.autoconfigure.web.servlet.MockMvcWebClientAutoConfiguration, org.springframework.boot.test.autoconfigure.web.servlet.MockMvcWebDriverAutoConfiguration]], org.springframework.boot.test.context.filter.ExcludeFilterContextCustomizer@7c81a5a0, org.springframework.boot.test.json.DuplicateJsonObjectContextCustomizerFactory$DuplicateJsonObjectContextCustomizer@2dc9c285, org.springframework.boot.test.mock.mockito.MockitoContextCustomizer@dd4ba3fc, org.springframework.boot.test.web.client.TestRestTemplateContextCustomizer@794b4b8d], resourceBasePath = 'src/main/webapp', contextLoader = 'org.springframework.boot.test.context.SpringBootContextLoader', parent = [null]], attributes = map['org.springframework.test.context.web.ServletTestExecutionListener.activateListener' -> true, 'org.springframework.test.context.web.ServletTestExecutionListener.populatedRequestContextHolder' -> true, 'org.springframework.test.context.web.ServletTestExecutionListener.resetRequestContextHolder' -> true]].
30561 [Test worker] INFO  org.springframework.test.context.transaction.TransactionContext  – Began transaction (1) for test context [DefaultTestContext@2b9e2c22 testClass = RefundIssuePermissionControllerTest, testInstance = org.iata.bsplink.refund.controller.RefundIssuePermissionControllerTest@5debaf1a, testMethod = testCreatesRefundIssuePermission@RefundIssuePermissionControllerTest, testException = [null], mergedContextConfiguration = [WebMergedContextConfiguration@4cd41121 testClass = RefundIssuePermissionControllerTest, locations = '{}', classes = '{class org.iata.bsplink.refund.Application}', contextInitializerClasses = '[]', activeProfiles = '{}', propertySourceLocations = '{}', propertySourceProperties = '{org.springframework.boot.test.context.SpringBootTestContextBootstrapper=true}', contextCustomizers = set[org.springframework.boot.test.autoconfigure.properties.PropertyMappingContextCustomizer@e7e8512, org.springframework.boot.test.autoconfigure.web.servlet.WebDriverContextCustomizerFactory$Customizer@4ece6cea, [ImportsContextCustomizer@283c3a77 key = [org.springframework.boot.test.autoconfigure.web.servlet.MockMvcAutoConfiguration, org.springframework.boot.test.autoconfigure.web.servlet.MockMvcSecurityAutoConfiguration, org.springframework.boot.test.autoconfigure.web.servlet.MockMvcWebClientAutoConfiguration, org.springframework.boot.test.autoconfigure.web.servlet.MockMvcWebDriverAutoConfiguration]], org.springframework.boot.test.context.filter.ExcludeFilterContextCustomizer@7c81a5a0, org.springframework.boot.test.json.DuplicateJsonObjectContextCustomizerFactory$DuplicateJsonObjectContextCustomizer@2dc9c285, org.springframework.boot.test.mock.mockito.MockitoContextCustomizer@dd4ba3fc, org.springframework.boot.test.web.client.TestRestTemplateContextCustomizer@794b4b8d], resourceBasePath = 'src/main/webapp', contextLoader = 'org.springframework.boot.test.context.SpringBootContextLoader', parent = [null]], attributes = map['org.springframework.test.context.web.ServletTestExecutionListener.activateListener' -> true, 'org.springframework.test.context.web.ServletTestExecutionListener.populatedRequestContextHolder' -> true, 'org.springframework.test.context.web.ServletTestExecutionListener.resetRequestContextHolder' -> true]]; transaction manager [org.springframework.orm.jpa.JpaTransactionManager@2bda7e48]; rollback [true]
30573 [Test worker] INFO  org.springframework.test.context.transaction.TransactionContext  – Rolled back transaction for test context [DefaultTestContext@2b9e2c22 testClass = RefundIssuePermissionControllerTest, testInstance = org.iata.bsplink.refund.controller.RefundIssuePermissionControllerTest@5debaf1a, testMethod = testCreatesRefundIssuePermission@RefundIssuePermissionControllerTest, testException = [null], mergedContextConfiguration = [WebMergedContextConfiguration@4cd41121 testClass = RefundIssuePermissionControllerTest, locations = '{}', classes = '{class org.iata.bsplink.refund.Application}', contextInitializerClasses = '[]', activeProfiles = '{}', propertySourceLocations = '{}', propertySourceProperties = '{org.springframework.boot.test.context.SpringBootTestContextBootstrapper=true}', contextCustomizers = set[org.springframework.boot.test.autoconfigure.properties.PropertyMappingContextCustomizer@e7e8512, org.springframework.boot.test.autoconfigure.web.servlet.WebDriverContextCustomizerFactory$Customizer@4ece6cea, [ImportsContextCustomizer@283c3a77 key = [org.springframework.boot.test.autoconfigure.web.servlet.MockMvcAutoConfiguration, org.springframework.boot.test.autoconfigure.web.servlet.MockMvcSecurityAutoConfiguration, org.springframework.boot.test.autoconfigure.web.servlet.MockMvcWebClientAutoConfiguration, org.springframework.boot.test.autoconfigure.web.servlet.MockMvcWebDriverAutoConfiguration]], org.springframework.boot.test.context.filter.ExcludeFilterContextCustomizer@7c81a5a0, org.springframework.boot.test.json.DuplicateJsonObjectContextCustomizerFactory$DuplicateJsonObjectContextCustomizer@2dc9c285, org.springframework.boot.test.mock.mockito.MockitoContextCustomizer@dd4ba3fc, org.springframework.boot.test.web.client.TestRestTemplateContextCustomizer@794b4b8d], resourceBasePath = 'src/main/webapp', contextLoader = 'org.springframework.boot.test.context.SpringBootContextLoader', parent = [null]], attributes = map['org.springframework.test.context.web.ServletTestExecutionListener.activateListener' -> true, 'org.springframework.test.context.web.ServletTestExecutionListener.populatedRequestContextHolder' -> true, 'org.springframework.test.context.web.ServletTestExecutionListener.resetRequestContextHolder' -> true]].
30575 [Test worker] INFO  org.springframework.test.context.transaction.TransactionContext  – Began transaction (1) for test context [DefaultTestContext@2b9e2c22 testClass = RefundIssuePermissionControllerTest, testInstance = org.iata.bsplink.refund.controller.RefundIssuePermissionControllerTest@78411548, testMethod = testReturnsNotFoundWhenTryingToRetrieveNonExistentRefundIssuePermission@RefundIssuePermissionControllerTest, testException = [null], mergedContextConfiguration = [WebMergedContextConfiguration@4cd41121 testClass = RefundIssuePermissionControllerTest, locations = '{}', classes = '{class org.iata.bsplink.refund.Application}', contextInitializerClasses = '[]', activeProfiles = '{}', propertySourceLocations = '{}', propertySourceProperties = '{org.springframework.boot.test.context.SpringBootTestContextBootstrapper=true}', contextCustomizers = set[org.springframework.boot.test.autoconfigure.properties.PropertyMappingContextCustomizer@e7e8512, org.springframework.boot.test.autoconfigure.web.servlet.WebDriverContextCustomizerFactory$Customizer@4ece6cea, [ImportsContextCustomizer@283c3a77 key = [org.springframework.boot.test.autoconfigure.web.servlet.MockMvcAutoConfiguration, org.springframework.boot.test.autoconfigure.web.servlet.MockMvcSecurityAutoConfiguration, org.springframework.boot.test.autoconfigure.web.servlet.MockMvcWebClientAutoConfiguration, org.springframework.boot.test.autoconfigure.web.servlet.MockMvcWebDriverAutoConfiguration]], org.springframework.boot.test.context.filter.ExcludeFilterContextCustomizer@7c81a5a0, org.springframework.boot.test.json.DuplicateJsonObjectContextCustomizerFactory$DuplicateJsonObjectContextCustomizer@2dc9c285, org.springframework.boot.test.mock.mockito.MockitoContextCustomizer@dd4ba3fc, org.springframework.boot.test.web.client.TestRestTemplateContextCustomizer@794b4b8d], resourceBasePath = 'src/main/webapp', contextLoader = 'org.springframework.boot.test.context.SpringBootContextLoader', parent = [null]], attributes = map['org.springframework.test.context.web.ServletTestExecutionListener.activateListener' -> true, 'org.springframework.test.context.web.ServletTestExecutionListener.populatedRequestContextHolder' -> true, 'org.springframework.test.context.web.ServletTestExecutionListener.resetRequestContextHolder' -> true]]; transaction manager [org.springframework.orm.jpa.JpaTransactionManager@2bda7e48]; rollback [true]
30585 [Test worker] INFO  org.springframework.test.context.transaction.TransactionContext  – Rolled back transaction for test context [DefaultTestContext@2b9e2c22 testClass = RefundIssuePermissionControllerTest, testInstance = org.iata.bsplink.refund.controller.RefundIssuePermissionControllerTest@78411548, testMethod = testReturnsNotFoundWhenTryingToRetrieveNonExistentRefundIssuePermission@RefundIssuePermissionControllerTest, testException = [null], mergedContextConfiguration = [WebMergedContextConfiguration@4cd41121 testClass = RefundIssuePermissionControllerTest, locations = '{}', classes = '{class org.iata.bsplink.refund.Application}', contextInitializerClasses = '[]', activeProfiles = '{}', propertySourceLocations = '{}', propertySourceProperties = '{org.springframework.boot.test.context.SpringBootTestContextBootstrapper=true}', contextCustomizers = set[org.springframework.boot.test.autoconfigure.properties.PropertyMappingContextCustomizer@e7e8512, org.springframework.boot.test.autoconfigure.web.servlet.WebDriverContextCustomizerFactory$Customizer@4ece6cea, [ImportsContextCustomizer@283c3a77 key = [org.springframework.boot.test.autoconfigure.web.servlet.MockMvcAutoConfiguration, org.springframework.boot.test.autoconfigure.web.servlet.MockMvcSecurityAutoConfiguration, org.springframework.boot.test.autoconfigure.web.servlet.MockMvcWebClientAutoConfiguration, org.springframework.boot.test.autoconfigure.web.servlet.MockMvcWebDriverAutoConfiguration]], org.springframework.boot.test.context.filter.ExcludeFilterContextCustomizer@7c81a5a0, org.springframework.boot.test.json.DuplicateJsonObjectContextCustomizerFactory$DuplicateJsonObjectContextCustomizer@2dc9c285, org.springframework.boot.test.mock.mockito.MockitoContextCustomizer@dd4ba3fc, org.springframework.boot.test.web.client.TestRestTemplateContextCustomizer@794b4b8d], resourceBasePath = 'src/main/webapp', contextLoader = 'org.springframework.boot.test.context.SpringBootContextLoader', parent = [null]], attributes = map['org.springframework.test.context.web.ServletTestExecutionListener.activateListener' -> true, 'org.springframework.test.context.web.ServletTestExecutionListener.populatedRequestContextHolder' -> true, 'org.springframework.test.context.web.ServletTestExecutionListener.resetRequestContextHolder' -> true]].
30587 [Test worker] INFO  org.springframework.test.context.transaction.TransactionContext  – Began transaction (1) for test context [DefaultTestContext@2b9e2c22 testClass = RefundIssuePermissionControllerTest, testInstance = org.iata.bsplink.refund.controller.RefundIssuePermissionControllerTest@68841cfe, testMethod = testDeletesRefundIssuePermission@RefundIssuePermissionControllerTest, testException = [null], mergedContextConfiguration = [WebMergedContextConfiguration@4cd41121 testClass = RefundIssuePermissionControllerTest, locations = '{}', classes = '{class org.iata.bsplink.refund.Application}', contextInitializerClasses = '[]', activeProfiles = '{}', propertySourceLocations = '{}', propertySourceProperties = '{org.springframework.boot.test.context.SpringBootTestContextBootstrapper=true}', contextCustomizers = set[org.springframework.boot.test.autoconfigure.properties.PropertyMappingContextCustomizer@e7e8512, org.springframework.boot.test.autoconfigure.web.servlet.WebDriverContextCustomizerFactory$Customizer@4ece6cea, [ImportsContextCustomizer@283c3a77 key = [org.springframework.boot.test.autoconfigure.web.servlet.MockMvcAutoConfiguration, org.springframework.boot.test.autoconfigure.web.servlet.MockMvcSecurityAutoConfiguration, org.springframework.boot.test.autoconfigure.web.servlet.MockMvcWebClientAutoConfiguration, org.springframework.boot.test.autoconfigure.web.servlet.MockMvcWebDriverAutoConfiguration]], org.springframework.boot.test.context.filter.ExcludeFilterContextCustomizer@7c81a5a0, org.springframework.boot.test.json.DuplicateJsonObjectContextCustomizerFactory$DuplicateJsonObjectContextCustomizer@2dc9c285, org.springframework.boot.test.mock.mockito.MockitoContextCustomizer@dd4ba3fc, org.springframework.boot.test.web.client.TestRestTemplateContextCustomizer@794b4b8d], resourceBasePath = 'src/main/webapp', contextLoader = 'org.springframework.boot.test.context.SpringBootContextLoader', parent = [null]], attributes = map['org.springframework.test.context.web.ServletTestExecutionListener.activateListener' -> true, 'org.springframework.test.context.web.ServletTestExecutionListener.populatedRequestContextHolder' -> true, 'org.springframework.test.context.web.ServletTestExecutionListener.resetRequestContextHolder' -> true]]; transaction manager [org.springframework.orm.jpa.JpaTransactionManager@2bda7e48]; rollback [true]
30593 [Test worker] INFO  org.springframework.test.context.transaction.TransactionContext  – Rolled back transaction for test context [DefaultTestContext@2b9e2c22 testClass = RefundIssuePermissionControllerTest, testInstance = org.iata.bsplink.refund.controller.RefundIssuePermissionControllerTest@68841cfe, testMethod = testDeletesRefundIssuePermission@RefundIssuePermissionControllerTest, testException = [null], mergedContextConfiguration = [WebMergedContextConfiguration@4cd41121 testClass = RefundIssuePermissionControllerTest, locations = '{}', classes = '{class org.iata.bsplink.refund.Application}', contextInitializerClasses = '[]', activeProfiles = '{}', propertySourceLocations = '{}', propertySourceProperties = '{org.springframework.boot.test.context.SpringBootTestContextBootstrapper=true}', contextCustomizers = set[org.springframework.boot.test.autoconfigure.properties.PropertyMappingContextCustomizer@e7e8512, org.springframework.boot.test.autoconfigure.web.servlet.WebDriverContextCustomizerFactory$Customizer@4ece6cea, [ImportsContextCustomizer@283c3a77 key = [org.springframework.boot.test.autoconfigure.web.servlet.MockMvcAutoConfiguration, org.springframework.boot.test.autoconfigure.web.servlet.MockMvcSecurityAutoConfiguration, org.springframework.boot.test.autoconfigure.web.servlet.MockMvcWebClientAutoConfiguration, org.springframework.boot.test.autoconfigure.web.servlet.MockMvcWebDriverAutoConfiguration]], org.springframework.boot.test.context.filter.ExcludeFilterContextCustomizer@7c81a5a0, org.springframework.boot.test.json.DuplicateJsonObjectContextCustomizerFactory$DuplicateJsonObjectContextCustomizer@2dc9c285, org.springframework.boot.test.mock.mockito.MockitoContextCustomizer@dd4ba3fc, org.springframework.boot.test.web.client.TestRestTemplateContextCustomizer@794b4b8d], resourceBasePath = 'src/main/webapp', contextLoader = 'org.springframework.boot.test.context.SpringBootContextLoader', parent = [null]], attributes = map['org.springframework.test.context.web.ServletTestExecutionListener.activateListener' -> true, 'org.springframework.test.context.web.ServletTestExecutionListener.populatedRequestContextHolder' -> true, 'org.springframework.test.context.web.ServletTestExecutionListener.resetRequestContextHolder' -> true]].
30601 [Test worker] INFO  org.springframework.test.context.transaction.TransactionContext  – Began transaction (1) for test context [DefaultTestContext@2b9e2c22 testClass = RefundIssuePermissionControllerTest, testInstance = org.iata.bsplink.refund.controller.RefundIssuePermissionControllerTest@799b9543, testMethod = testListsRefundIssuePermissions@RefundIssuePermissionControllerTest, testException = [null], mergedContextConfiguration = [WebMergedContextConfiguration@4cd41121 testClass = RefundIssuePermissionControllerTest, locations = '{}', classes = '{class org.iata.bsplink.refund.Application}', contextInitializerClasses = '[]', activeProfiles = '{}', propertySourceLocations = '{}', propertySourceProperties = '{org.springframework.boot.test.context.SpringBootTestContextBootstrapper=true}', contextCustomizers = set[org.springframework.boot.test.autoconfigure.properties.PropertyMappingContextCustomizer@e7e8512, org.springframework.boot.test.autoconfigure.web.servlet.WebDriverContextCustomizerFactory$Customizer@4ece6cea, [ImportsContextCustomizer@283c3a77 key = [org.springframework.boot.test.autoconfigure.web.servlet.MockMvcAutoConfiguration, org.springframework.boot.test.autoconfigure.web.servlet.MockMvcSecurityAutoConfiguration, org.springframework.boot.test.autoconfigure.web.servlet.MockMvcWebClientAutoConfiguration, org.springframework.boot.test.autoconfigure.web.servlet.MockMvcWebDriverAutoConfiguration]], org.springframework.boot.test.context.filter.ExcludeFilterContextCustomizer@7c81a5a0, org.springframework.boot.test.json.DuplicateJsonObjectContextCustomizerFactory$DuplicateJsonObjectContextCustomizer@2dc9c285, org.springframework.boot.test.mock.mockito.MockitoContextCustomizer@dd4ba3fc, org.springframework.boot.test.web.client.TestRestTemplateContextCustomizer@794b4b8d], resourceBasePath = 'src/main/webapp', contextLoader = 'org.springframework.boot.test.context.SpringBootContextLoader', parent = [null]], attributes = map['org.springframework.test.context.web.ServletTestExecutionListener.activateListener' -> true, 'org.springframework.test.context.web.ServletTestExecutionListener.populatedRequestContextHolder' -> true, 'org.springframework.test.context.web.ServletTestExecutionListener.resetRequestContextHolder' -> true]]; transaction manager [org.springframework.orm.jpa.JpaTransactionManager@2bda7e48]; rollback [true]
30610 [Test worker] INFO  org.springframework.test.context.transaction.TransactionContext  – Rolled back transaction for test context [DefaultTestContext@2b9e2c22 testClass = RefundIssuePermissionControllerTest, testInstance = org.iata.bsplink.refund.controller.RefundIssuePermissionControllerTest@799b9543, testMethod = testListsRefundIssuePermissions@RefundIssuePermissionControllerTest, testException = [null], mergedContextConfiguration = [WebMergedContextConfiguration@4cd41121 testClass = RefundIssuePermissionControllerTest, locations = '{}', classes = '{class org.iata.bsplink.refund.Application}', contextInitializerClasses = '[]', activeProfiles = '{}', propertySourceLocations = '{}', propertySourceProperties = '{org.springframework.boot.test.context.SpringBootTestContextBootstrapper=true}', contextCustomizers = set[org.springframework.boot.test.autoconfigure.properties.PropertyMappingContextCustomizer@e7e8512, org.springframework.boot.test.autoconfigure.web.servlet.WebDriverContextCustomizerFactory$Customizer@4ece6cea, [ImportsContextCustomizer@283c3a77 key = [org.springframework.boot.test.autoconfigure.web.servlet.MockMvcAutoConfiguration, org.springframework.boot.test.autoconfigure.web.servlet.MockMvcSecurityAutoConfiguration, org.springframework.boot.test.autoconfigure.web.servlet.MockMvcWebClientAutoConfiguration, org.springframework.boot.test.autoconfigure.web.servlet.MockMvcWebDriverAutoConfiguration]], org.springframework.boot.test.context.filter.ExcludeFilterContextCustomizer@7c81a5a0, org.springframework.boot.test.json.DuplicateJsonObjectContextCustomizerFactory$DuplicateJsonObjectContextCustomizer@2dc9c285, org.springframework.boot.test.mock.mockito.MockitoContextCustomizer@dd4ba3fc, org.springframework.boot.test.web.client.TestRestTemplateContextCustomizer@794b4b8d], resourceBasePath = 'src/main/webapp', contextLoader = 'org.springframework.boot.test.context.SpringBootContextLoader', parent = [null]], attributes = map['org.springframework.test.context.web.ServletTestExecutionListener.activateListener' -> true, 'org.springframework.test.context.web.ServletTestExecutionListener.populatedRequestContextHolder' -> true, 'org.springframework.test.context.web.ServletTestExecutionListener.resetRequestContextHolder' -> true]].
30611 [Test worker] INFO  org.springframework.test.context.transaction.TransactionContext  – Began transaction (1) for test context [DefaultTestContext@2b9e2c22 testClass = RefundIssuePermissionControllerTest, testInstance = org.iata.bsplink.refund.controller.RefundIssuePermissionControllerTest@74b6164c, testMethod = testGetsRefundIssuePermission@RefundIssuePermissionControllerTest, testException = [null], mergedContextConfiguration = [WebMergedContextConfiguration@4cd41121 testClass = RefundIssuePermissionControllerTest, locations = '{}', classes = '{class org.iata.bsplink.refund.Application}', contextInitializerClasses = '[]', activeProfiles = '{}', propertySourceLocations = '{}', propertySourceProperties = '{org.springframework.boot.test.context.SpringBootTestContextBootstrapper=true}', contextCustomizers = set[org.springframework.boot.test.autoconfigure.properties.PropertyMappingContextCustomizer@e7e8512, org.springframework.boot.test.autoconfigure.web.servlet.WebDriverContextCustomizerFactory$Customizer@4ece6cea, [ImportsContextCustomizer@283c3a77 key = [org.springframework.boot.test.autoconfigure.web.servlet.MockMvcAutoConfiguration, org.springframework.boot.test.autoconfigure.web.servlet.MockMvcSecurityAutoConfiguration, org.springframework.boot.test.autoconfigure.web.servlet.MockMvcWebClientAutoConfiguration, org.springframework.boot.test.autoconfigure.web.servlet.MockMvcWebDriverAutoConfiguration]], org.springframework.boot.test.context.filter.ExcludeFilterContextCustomizer@7c81a5a0, org.springframework.boot.test.json.DuplicateJsonObjectContextCustomizerFactory$DuplicateJsonObjectContextCustomizer@2dc9c285, org.springframework.boot.test.mock.mockito.MockitoContextCustomizer@dd4ba3fc, org.springframework.boot.test.web.client.TestRestTemplateContextCustomizer@794b4b8d], resourceBasePath = 'src/main/webapp', contextLoader = 'org.springframework.boot.test.context.SpringBootContextLoader', parent = [null]], attributes = map['org.springframework.test.context.web.ServletTestExecutionListener.activateListener' -> true, 'org.springframework.test.context.web.ServletTestExecutionListener.populatedRequestContextHolder' -> true, 'org.springframework.test.context.web.ServletTestExecutionListener.resetRequestContextHolder' -> true]]; transaction manager [org.springframework.orm.jpa.JpaTransactionManager@2bda7e48]; rollback [true]
30624 [Test worker] INFO  org.springframework.test.context.transaction.TransactionContext  – Rolled back transaction for test context [DefaultTestContext@2b9e2c22 testClass = RefundIssuePermissionControllerTest, testInstance = org.iata.bsplink.refund.controller.RefundIssuePermissionControllerTest@74b6164c, testMethod = testGetsRefundIssuePermission@RefundIssuePermissionControllerTest, testException = [null], mergedContextConfiguration = [WebMergedContextConfiguration@4cd41121 testClass = RefundIssuePermissionControllerTest, locations = '{}', classes = '{class org.iata.bsplink.refund.Application}', contextInitializerClasses = '[]', activeProfiles = '{}', propertySourceLocations = '{}', propertySourceProperties = '{org.springframework.boot.test.context.SpringBootTestContextBootstrapper=true}', contextCustomizers = set[org.springframework.boot.test.autoconfigure.properties.PropertyMappingContextCustomizer@e7e8512, org.springframework.boot.test.autoconfigure.web.servlet.WebDriverContextCustomizerFactory$Customizer@4ece6cea, [ImportsContextCustomizer@283c3a77 key = [org.springframework.boot.test.autoconfigure.web.servlet.MockMvcAutoConfiguration, org.springframework.boot.test.autoconfigure.web.servlet.MockMvcSecurityAutoConfiguration, org.springframework.boot.test.autoconfigure.web.servlet.MockMvcWebClientAutoConfiguration, org.springframework.boot.test.autoconfigure.web.servlet.MockMvcWebDriverAutoConfiguration]], org.springframework.boot.test.context.filter.ExcludeFilterContextCustomizer@7c81a5a0, org.springframework.boot.test.json.DuplicateJsonObjectContextCustomizerFactory$DuplicateJsonObjectContextCustomizer@2dc9c285, org.springframework.boot.test.mock.mockito.MockitoContextCustomizer@dd4ba3fc, org.springframework.boot.test.web.client.TestRestTemplateContextCustomizer@794b4b8d], resourceBasePath = 'src/main/webapp', contextLoader = 'org.springframework.boot.test.context.SpringBootContextLoader', parent = [null]], attributes = map['org.springframework.test.context.web.ServletTestExecutionListener.activateListener' -> true, 'org.springframework.test.context.web.ServletTestExecutionListener.populatedRequestContextHolder' -> true, 'org.springframework.test.context.web.ServletTestExecutionListener.resetRequestContextHolder' -> true]].
30625 [Test worker] INFO  org.springframework.test.context.transaction.TransactionContext  – Began transaction (1) for test context [DefaultTestContext@2b9e2c22 testClass = RefundIssuePermissionControllerTest, testInstance = org.iata.bsplink.refund.controller.RefundIssuePermissionControllerTest@169ec706, testMethod = testReturnsNotFoundWhenTryingToDeleteNonExistentRefundIssuePermission@RefundIssuePermissionControllerTest, testException = [null], mergedContextConfiguration = [WebMergedContextConfiguration@4cd41121 testClass = RefundIssuePermissionControllerTest, locations = '{}', classes = '{class org.iata.bsplink.refund.Application}', contextInitializerClasses = '[]', activeProfiles = '{}', propertySourceLocations = '{}', propertySourceProperties = '{org.springframework.boot.test.context.SpringBootTestContextBootstrapper=true}', contextCustomizers = set[org.springframework.boot.test.autoconfigure.properties.PropertyMappingContextCustomizer@e7e8512, org.springframework.boot.test.autoconfigure.web.servlet.WebDriverContextCustomizerFactory$Customizer@4ece6cea, [ImportsContextCustomizer@283c3a77 key = [org.springframework.boot.test.autoconfigure.web.servlet.MockMvcAutoConfiguration, org.springframework.boot.test.autoconfigure.web.servlet.MockMvcSecurityAutoConfiguration, org.springframework.boot.test.autoconfigure.web.servlet.MockMvcWebClientAutoConfiguration, org.springframework.boot.test.autoconfigure.web.servlet.MockMvcWebDriverAutoConfiguration]], org.springframework.boot.test.context.filter.ExcludeFilterContextCustomizer@7c81a5a0, org.springframework.boot.test.json.DuplicateJsonObjectContextCustomizerFactory$DuplicateJsonObjectContextCustomizer@2dc9c285, org.springframework.boot.test.mock.mockito.MockitoContextCustomizer@dd4ba3fc, org.springframework.boot.test.web.client.TestRestTemplateContextCustomizer@794b4b8d], resourceBasePath = 'src/main/webapp', contextLoader = 'org.springframework.boot.test.context.SpringBootContextLoader', parent = [null]], attributes = map['org.springframework.test.context.web.ServletTestExecutionListener.activateListener' -> true, 'org.springframework.test.context.web.ServletTestExecutionListener.populatedRequestContextHolder' -> true, 'org.springframework.test.context.web.ServletTestExecutionListener.resetRequestContextHolder' -> true]]; transaction manager [org.springframework.orm.jpa.JpaTransactionManager@2bda7e48]; rollback [true]
30635 [Test worker] INFO  org.springframework.test.context.transaction.TransactionContext  – Rolled back transaction for test context [DefaultTestContext@2b9e2c22 testClass = RefundIssuePermissionControllerTest, testInstance = org.iata.bsplink.refund.controller.RefundIssuePermissionControllerTest@169ec706, testMethod = testReturnsNotFoundWhenTryingToDeleteNonExistentRefundIssuePermission@RefundIssuePermissionControllerTest, testException = [null], mergedContextConfiguration = [WebMergedContextConfiguration@4cd41121 testClass = RefundIssuePermissionControllerTest, locations = '{}', classes = '{class org.iata.bsplink.refund.Application}', contextInitializerClasses = '[]', activeProfiles = '{}', propertySourceLocations = '{}', propertySourceProperties = '{org.springframework.boot.test.context.SpringBootTestContextBootstrapper=true}', contextCustomizers = set[org.springframework.boot.test.autoconfigure.properties.PropertyMappingContextCustomizer@e7e8512, org.springframework.boot.test.autoconfigure.web.servlet.WebDriverContextCustomizerFactory$Customizer@4ece6cea, [ImportsContextCustomizer@283c3a77 key = [org.springframework.boot.test.autoconfigure.web.servlet.MockMvcAutoConfiguration, org.springframework.boot.test.autoconfigure.web.servlet.MockMvcSecurityAutoConfiguration, org.springframework.boot.test.autoconfigure.web.servlet.MockMvcWebClientAutoConfiguration, org.springframework.boot.test.autoconfigure.web.servlet.MockMvcWebDriverAutoConfiguration]], org.springframework.boot.test.context.filter.ExcludeFilterContextCustomizer@7c81a5a0, org.springframework.boot.test.json.DuplicateJsonObjectContextCustomizerFactory$DuplicateJsonObjectContextCustomizer@2dc9c285, org.springframework.boot.test.mock.mockito.MockitoContextCustomizer@dd4ba3fc, org.springframework.boot.test.web.client.TestRestTemplateContextCustomizer@794b4b8d], resourceBasePath = 'src/main/webapp', contextLoader = 'org.springframework.boot.test.context.SpringBootContextLoader', parent = [null]], attributes = map['org.springframework.test.context.web.ServletTestExecutionListener.activateListener' -> true, 'org.springframework.test.context.web.ServletTestExecutionListener.populatedRequestContextHolder' -> true, 'org.springframework.test.context.web.ServletTestExecutionListener.resetRequestContextHolder' -> true]].
[...]
30648 [Test worker] INFO  org.springframework.test.context.transaction.TransactionContext  – Began transaction (1) for test context [DefaultTestContext@2b9e2c22 testClass = RefundIssuePermissionControllerTest, testInstance = org.iata.bsplink.refund.controller.RefundIssuePermissionControllerTest@1f3d11b4, testMethod = testListsRefundIssuePermissionsByIsoCountryCodeAndAirlineCode@RefundIssuePermissionControllerTest, testException = [null], mergedContextConfiguration = [WebMergedContextConfiguration@4cd41121 testClass = RefundIssuePermissionControllerTest, locations = '{}', classes = '{class org.iata.bsplink.refund.Application}', contextInitializerClasses = '[]', activeProfiles = '{}', propertySourceLocations = '{}', propertySourceProperties = '{org.springframework.boot.test.context.SpringBootTestContextBootstrapper=true}', contextCustomizers = set[org.springframework.boot.test.autoconfigure.properties.PropertyMappingContextCustomizer@e7e8512, org.springframework.boot.test.autoconfigure.web.servlet.WebDriverContextCustomizerFactory$Customizer@4ece6cea, [ImportsContextCustomizer@283c3a77 key = [org.springframework.boot.test.autoconfigure.web.servlet.MockMvcAutoConfiguration, org.springframework.boot.test.autoconfigure.web.servlet.MockMvcSecurityAutoConfiguration, org.springframework.boot.test.autoconfigure.web.servlet.MockMvcWebClientAutoConfiguration, org.springframework.boot.test.autoconfigure.web.servlet.MockMvcWebDriverAutoConfiguration]], org.springframework.boot.test.context.filter.ExcludeFilterContextCustomizer@7c81a5a0, org.springframework.boot.test.json.DuplicateJsonObjectContextCustomizerFactory$DuplicateJsonObjectContextCustomizer@2dc9c285, org.springframework.boot.test.mock.mockito.MockitoContextCustomizer@dd4ba3fc, org.springframework.boot.test.web.client.TestRestTemplateContextCustomizer@794b4b8d], resourceBasePath = 'src/main/webapp', contextLoader = 'org.springframework.boot.test.context.SpringBootContextLoader', parent = [null]], attributes = map['org.springframework.test.context.web.ServletTestExecutionListener.activateListener' -> true, 'org.springframework.test.context.web.ServletTestExecutionListener.populatedRequestContextHolder' -> true, 'org.springframework.test.context.web.ServletTestExecutionListener.resetRequestContextHolder' -> true]]; transaction manager [org.springframework.orm.jpa.JpaTransactionManager@2bda7e48]; rollback [true]
30662 [Test worker] INFO  org.springframework.test.context.transaction.TransactionContext  – Rolled back transaction for test context [DefaultTestContext@2b9e2c22 testClass = RefundIssuePermissionControllerTest, testInstance = org.iata.bsplink.refund.controller.RefundIssuePermissionControllerTest@1f3d11b4, testMethod = testListsRefundIssuePermissionsByIsoCountryCodeAndAirlineCode@RefundIssuePermissionControllerTest, testException = [null], mergedContextConfiguration = [WebMergedContextConfiguration@4cd41121 testClass = RefundIssuePermissionControllerTest, locations = '{}', classes = '{class org.iata.bsplink.refund.Application}', contextInitializerClasses = '[]', activeProfiles = '{}', propertySourceLocations = '{}', propertySourceProperties = '{org.springframework.boot.test.context.SpringBootTestContextBootstrapper=true}', contextCustomizers = set[org.springframework.boot.test.autoconfigure.properties.PropertyMappingContextCustomizer@e7e8512, org.springframework.boot.test.autoconfigure.web.servlet.WebDriverContextCustomizerFactory$Customizer@4ece6cea, [ImportsContextCustomizer@283c3a77 key = [org.springframework.boot.test.autoconfigure.web.servlet.MockMvcAutoConfiguration, org.springframework.boot.test.autoconfigure.web.servlet.MockMvcSecurityAutoConfiguration, org.springframework.boot.test.autoconfigure.web.servlet.MockMvcWebClientAutoConfiguration, org.springframework.boot.test.autoconfigure.web.servlet.MockMvcWebDriverAutoConfiguration]], org.springframework.boot.test.context.filter.ExcludeFilterContextCustomizer@7c81a5a0, org.springframework.boot.test.json.DuplicateJsonObjectContextCustomizerFactory$DuplicateJsonObjectContextCustomizer@2dc9c285, org.springframework.boot.test.mock.mockito.MockitoContextCustomizer@dd4ba3fc, org.springframework.boot.test.web.client.TestRestTemplateContextCustomizer@794b4b8d], resourceBasePath = 'src/main/webapp', contextLoader = 'org.springframework.boot.test.context.SpringBootContextLoader', parent = [null]], attributes = map['org.springframework.test.context.web.ServletTestExecutionListener.activateListener' -> true, 'org.springframework.test.context.web.ServletTestExecutionListener.populatedRequestContextHolder' -> true, 'org.springframework.test.context.web.ServletTestExecutionListener.resetRequestContextHolder' -> true]].
30663 [Test worker] INFO  org.springframework.test.context.transaction.TransactionContext  – Began transaction (1) for test context [DefaultTestContext@2b9e2c22 testClass = RefundIssuePermissionControllerTest, testInstance = org.iata.bsplink.refund.controller.RefundIssuePermissionControllerTest@44b117e1, testMethod = testValidatesRefundIssuePermission@RefundIssuePermissionControllerTest, testException = [null], mergedContextConfiguration = [WebMergedContextConfiguration@4cd41121 testClass = RefundIssuePermissionControllerTest, locations = '{}', classes = '{class org.iata.bsplink.refund.Application}', contextInitializerClasses = '[]', activeProfiles = '{}', propertySourceLocations = '{}', propertySourceProperties = '{org.springframework.boot.test.context.SpringBootTestContextBootstrapper=true}', contextCustomizers = set[org.springframework.boot.test.autoconfigure.properties.PropertyMappingContextCustomizer@e7e8512, org.springframework.boot.test.autoconfigure.web.servlet.WebDriverContextCustomizerFactory$Customizer@4ece6cea, [ImportsContextCustomizer@283c3a77 key = [org.springframework.boot.test.autoconfigure.web.servlet.MockMvcAutoConfiguration, org.springframework.boot.test.autoconfigure.web.servlet.MockMvcSecurityAutoConfiguration, org.springframework.boot.test.autoconfigure.web.servlet.MockMvcWebClientAutoConfiguration, org.springframework.boot.test.autoconfigure.web.servlet.MockMvcWebDriverAutoConfiguration]], org.springframework.boot.test.context.filter.ExcludeFilterContextCustomizer@7c81a5a0, org.springframework.boot.test.json.DuplicateJsonObjectContextCustomizerFactory$DuplicateJsonObjectContextCustomizer@2dc9c285, org.springframework.boot.test.mock.mockito.MockitoContextCustomizer@dd4ba3fc, org.springframework.boot.test.web.client.TestRestTemplateContextCustomizer@794b4b8d], resourceBasePath = 'src/main/webapp', contextLoader = 'org.springframework.boot.test.context.SpringBootContextLoader', parent = [null]], attributes = map['org.springframework.test.context.web.ServletTestExecutionListener.activateListener' -> true, 'org.springframework.test.context.web.ServletTestExecutionListener.populatedRequestContextHolder' -> true, 'org.springframework.test.context.web.ServletTestExecutionListener.resetRequestContextHolder' -> true]]; transaction manager [org.springframework.orm.jpa.JpaTransactionManager@2bda7e48]; rollback [true]
30667 [Test worker] INFO  org.iata.bsplink.commons.rest.exception.handler.ApplicationExceptionHandler  – <400 Bad Request,ValidationErrorResponse(validationErrors=[org.iata.bsplink.commons.rest.response.validation.ValidationError@5ce8d08b]),{}>
org.iata.bsplink.commons.rest.exception.ApplicationValidationException: Validation error
	at org.iata.bsplink.refund.controller.RefundIssuePermissionController.createRefundIssuePermission(RefundIssuePermissionController.java:60)
	at sun.reflect.NativeMethodAccessorImpl.invoke0(Native Method)
	at sun.reflect.NativeMethodAccessorImpl.invoke(NativeMethodAccessorImpl.java:62)
	at sun.reflect.DelegatingMethodAccessorImpl.invoke(DelegatingMethodAccessorImpl.java:43)
	at java.lang.reflect.Method.invoke(Method.java:498)
	at org.springframework.web.method.support.InvocableHandlerMethod.doInvoke(InvocableHandlerMethod.java:209)
	at org.springframework.web.method.support.InvocableHandlerMethod.invokeForRequest(InvocableHandlerMethod.java:136)
	at org.springframework.web.servlet.mvc.method.annotation.ServletInvocableHandlerMethod.invokeAndHandle(ServletInvocableHandlerMethod.java:102)
	at org.springframework.web.servlet.mvc.method.annotation.RequestMappingHandlerAdapter.invokeHandlerMethod(RequestMappingHandlerAdapter.java:870)
	at org.springframework.web.servlet.mvc.method.annotation.RequestMappingHandlerAdapter.handleInternal(RequestMappingHandlerAdapter.java:776)
	at org.springframework.web.servlet.mvc.method.AbstractHandlerMethodAdapter.handle(AbstractHandlerMethodAdapter.java:87)
	at org.springframework.web.servlet.DispatcherServlet.doDispatch(DispatcherServlet.java:991)
	at org.springframework.web.servlet.DispatcherServlet.doService(DispatcherServlet.java:925)
	at org.springframework.web.servlet.FrameworkServlet.processRequest(FrameworkServlet.java:978)
	at org.springframework.web.servlet.FrameworkServlet.doPost(FrameworkServlet.java:881)
	at javax.servlet.http.HttpServlet.service(HttpServlet.java:661)
	at org.springframework.web.servlet.FrameworkServlet.service(FrameworkServlet.java:855)
	at org.springframework.test.web.servlet.TestDispatcherServlet.service(TestDispatcherServlet.java:66)
	at javax.servlet.http.HttpServlet.service(HttpServlet.java:742)
	at org.springframework.mock.web.MockFilterChain$ServletFilterProxy.doFilter(MockFilterChain.java:166)
	at org.springframework.mock.web.MockFilterChain.doFilter(MockFilterChain.java:133)
	at org.springframework.web.filter.RequestContextFilter.doFilterInternal(RequestContextFilter.java:99)
	at org.springframework.web.filter.OncePerRequestFilter.doFilter(OncePerRequestFilter.java:107)
	at org.springframework.mock.web.MockFilterChain.doFilter(MockFilterChain.java:133)
	at org.springframework.web.filter.HttpPutFormContentFilter.doFilterInternal(HttpPutFormContentFilter.java:109)
	at org.springframework.web.filter.OncePerRequestFilter.doFilter(OncePerRequestFilter.java:107)
	at org.springframework.mock.web.MockFilterChain.doFilter(MockFilterChain.java:133)
	at org.springframework.web.filter.HiddenHttpMethodFilter.doFilterInternal(HiddenHttpMethodFilter.java:81)
	at org.springframework.web.filter.OncePerRequestFilter.doFilter(OncePerRequestFilter.java:107)
	at org.springframework.mock.web.MockFilterChain.doFilter(MockFilterChain.java:133)
	at org.springframework.web.filter.CharacterEncodingFilter.doFilterInternal(CharacterEncodingFilter.java:200)
	at org.springframework.web.filter.OncePerRequestFilter.doFilter(OncePerRequestFilter.java:107)
	at org.springframework.mock.web.MockFilterChain.doFilter(MockFilterChain.java:133)
	at org.springframework.test.web.servlet.MockMvc.perform(MockMvc.java:166)
	at org.iata.bsplink.refund.controller.RefundIssuePermissionControllerTest.testValidatesRefundIssuePermission(RefundIssuePermissionControllerTest.java:113)
	at sun.reflect.NativeMethodAccessorImpl.invoke0(Native Method)
	at sun.reflect.NativeMethodAccessorImpl.invoke(NativeMethodAccessorImpl.java:62)
	at sun.reflect.DelegatingMethodAccessorImpl.invoke(DelegatingMethodAccessorImpl.java:43)
	at java.lang.reflect.Method.invoke(Method.java:498)
	at org.junit.runners.model.FrameworkMethod$1.runReflectiveCall(FrameworkMethod.java:50)
	at org.junit.internal.runners.model.ReflectiveCallable.run(ReflectiveCallable.java:12)
	at org.junit.runners.model.FrameworkMethod.invokeExplosively(FrameworkMethod.java:47)
	at org.junit.internal.runners.statements.InvokeMethod.evaluate(InvokeMethod.java:17)
	at org.springframework.test.context.junit4.statements.RunBeforeTestExecutionCallbacks.evaluate(RunBeforeTestExecutionCallbacks.java:73)
	at org.springframework.test.context.junit4.statements.RunAfterTestExecutionCallbacks.evaluate(RunAfterTestExecutionCallbacks.java:83)
	at org.junit.internal.runners.statements.RunBefores.evaluate(RunBefores.java:26)
	at org.springframework.test.context.junit4.statements.RunBeforeTestMethodCallbacks.evaluate(RunBeforeTestMethodCallbacks.java:75)
	at org.springframework.test.context.junit4.statements.RunAfterTestMethodCallbacks.evaluate(RunAfterTestMethodCallbacks.java:86)
	at org.springframework.test.context.junit4.statements.SpringRepeat.evaluate(SpringRepeat.java:84)
	at org.junit.runners.ParentRunner.runLeaf(ParentRunner.java:325)
	at org.springframework.test.context.junit4.SpringJUnit4ClassRunner.runChild(SpringJUnit4ClassRunner.java:251)
	at org.springframework.test.context.junit4.SpringJUnit4ClassRunner.runChild(SpringJUnit4ClassRunner.java:97)
	at org.junit.runners.ParentRunner$3.run(ParentRunner.java:290)
	at org.junit.runners.ParentRunner$1.schedule(ParentRunner.java:71)
	at org.junit.runners.ParentRunner.runChildren(ParentRunner.java:288)
	at org.junit.runners.ParentRunner.access$000(ParentRunner.java:58)
	at org.junit.runners.ParentRunner$2.evaluate(ParentRunner.java:268)
	at org.springframework.test.context.junit4.statements.RunBeforeTestClassCallbacks.evaluate(RunBeforeTestClassCallbacks.java:61)
	at org.springframework.test.context.junit4.statements.RunAfterTestClassCallbacks.evaluate(RunAfterTestClassCallbacks.java:70)
	at org.junit.runners.ParentRunner.run(ParentRunner.java:363)
	at org.springframework.test.context.junit4.SpringJUnit4ClassRunner.run(SpringJUnit4ClassRunner.java:190)
	at org.gradle.api.internal.tasks.testing.junit.JUnitTestClassExecutor.runTestClass(JUnitTestClassExecutor.java:116)
	at org.gradle.api.internal.tasks.testing.junit.JUnitTestClassExecutor.execute(JUnitTestClassExecutor.java:59)
	at org.gradle.api.internal.tasks.testing.junit.JUnitTestClassExecutor.execute(JUnitTestClassExecutor.java:39)
	at org.gradle.api.internal.tasks.testing.junit.AbstractJUnitTestClassProcessor.processTestClass(AbstractJUnitTestClassProcessor.java:66)
	at org.gradle.api.internal.tasks.testing.SuiteTestClassProcessor.processTestClass(SuiteTestClassProcessor.java:51)
	at sun.reflect.NativeMethodAccessorImpl.invoke0(Native Method)
	at sun.reflect.NativeMethodAccessorImpl.invoke(NativeMethodAccessorImpl.java:62)
	at sun.reflect.DelegatingMethodAccessorImpl.invoke(DelegatingMethodAccessorImpl.java:43)
	at java.lang.reflect.Method.invoke(Method.java:498)
	at org.gradle.internal.dispatch.ReflectionDispatch.dispatch(ReflectionDispatch.java:35)
	at org.gradle.internal.dispatch.ReflectionDispatch.dispatch(ReflectionDispatch.java:24)
	at org.gradle.internal.dispatch.ContextClassLoaderDispatch.dispatch(ContextClassLoaderDispatch.java:32)
	at org.gradle.internal.dispatch.ProxyDispatchAdapter$DispatchingInvocationHandler.invoke(ProxyDispatchAdapter.java:93)
	at com.sun.proxy.$Proxy1.processTestClass(Unknown Source)
	at org.gradle.api.internal.tasks.testing.worker.TestWorker.processTestClass(TestWorker.java:109)
	at sun.reflect.NativeMethodAccessorImpl.invoke0(Native Method)
	at sun.reflect.NativeMethodAccessorImpl.invoke(NativeMethodAccessorImpl.java:62)
	at sun.reflect.DelegatingMethodAccessorImpl.invoke(DelegatingMethodAccessorImpl.java:43)
	at java.lang.reflect.Method.invoke(Method.java:498)
	at org.gradle.internal.dispatch.ReflectionDispatch.dispatch(ReflectionDispatch.java:35)
	at org.gradle.internal.dispatch.ReflectionDispatch.dispatch(ReflectionDispatch.java:24)
	at org.gradle.internal.remote.internal.hub.MessageHubBackedObjectConnection$DispatchWrapper.dispatch(MessageHubBackedObjectConnection.java:146)
	at org.gradle.internal.remote.internal.hub.MessageHubBackedObjectConnection$DispatchWrapper.dispatch(MessageHubBackedObjectConnection.java:128)
	at org.gradle.internal.remote.internal.hub.MessageHub$Handler.run(MessageHub.java:404)
	at org.gradle.internal.concurrent.ExecutorPolicy$CatchAndRecordFailures.onExecute(ExecutorPolicy.java:63)
	at org.gradle.internal.concurrent.ManagedExecutorImpl$1.run(ManagedExecutorImpl.java:46)
	at java.util.concurrent.ThreadPoolExecutor.runWorker(ThreadPoolExecutor.java:1149)
	at java.util.concurrent.ThreadPoolExecutor$Worker.run(ThreadPoolExecutor.java:624)
	at org.gradle.internal.concurrent.ThreadFactoryImpl$ManagedThreadRunnable.run(ThreadFactoryImpl.java:55)
	at java.lang.Thread.run(Thread.java:748)
30672 [Test worker] INFO  org.springframework.test.context.transaction.TransactionContext  – Rolled back transaction for test context [DefaultTestContext@2b9e2c22 testClass = RefundIssuePermissionControllerTest, testInstance = org.iata.bsplink.refund.controller.RefundIssuePermissionControllerTest@44b117e1, testMethod = testValidatesRefundIssuePermission@RefundIssuePermissionControllerTest, testException = [null], mergedContextConfiguration = [WebMergedContextConfiguration@4cd41121 testClass = RefundIssuePermissionControllerTest, locations = '{}', classes = '{class org.iata.bsplink.refund.Application}', contextInitializerClasses = '[]', activeProfiles = '{}', propertySourceLocations = '{}', propertySourceProperties = '{org.springframework.boot.test.context.SpringBootTestContextBootstrapper=true}', contextCustomizers = set[org.springframework.boot.test.autoconfigure.properties.PropertyMappingContextCustomizer@e7e8512, org.springframework.boot.test.autoconfigure.web.servlet.WebDriverContextCustomizerFactory$Customizer@4ece6cea, [ImportsContextCustomizer@283c3a77 key = [org.springframework.boot.test.autoconfigure.web.servlet.MockMvcAutoConfiguration, org.springframework.boot.test.autoconfigure.web.servlet.MockMvcSecurityAutoConfiguration, org.springframework.boot.test.autoconfigure.web.servlet.MockMvcWebClientAutoConfiguration, org.springframework.boot.test.autoconfigure.web.servlet.MockMvcWebDriverAutoConfiguration]], org.springframework.boot.test.context.filter.ExcludeFilterContextCustomizer@7c81a5a0, org.springframework.boot.test.json.DuplicateJsonObjectContextCustomizerFactory$DuplicateJsonObjectContextCustomizer@2dc9c285, org.springframework.boot.test.mock.mockito.MockitoContextCustomizer@dd4ba3fc, org.springframework.boot.test.web.client.TestRestTemplateContextCustomizer@794b4b8d], resourceBasePath = 'src/main/webapp', contextLoader = 'org.springframework.boot.test.context.SpringBootContextLoader', parent = [null]], attributes = map['org.springframework.test.context.web.ServletTestExecutionListener.activateListener' -> true, 'org.springframework.test.context.web.ServletTestExecutionListener.populatedRequestContextHolder' -> true, 'org.springframework.test.context.web.ServletTestExecutionListener.resetRequestContextHolder' -> true]].
]]></system-out>
  <system-err><![CDATA[]]></system-err>
</testsuite>
